

Started GET "/map" for 127.0.0.1 at 2015-02-08 09:54:50 -0800
Processing by SitesController#map as HTML
  Rendered sites/map.html.erb within layouts/application (2.5ms)
Completed 200 OK in 12966ms (Views: 4684.5ms | ActiveRecord: 0.0ms)


Started GET "/assets/calculators.css?body=1" for 127.0.0.1 at 2015-02-08 09:55:03 -0800


Started GET "/assets/bootstrap.min.css?body=1" for 127.0.0.1 at 2015-02-08 09:55:03 -0800


Started GET "/assets/jquery.js?body=1" for 127.0.0.1 at 2015-02-08 09:55:03 -0800


Started GET "/assets/sites.css?body=1" for 127.0.0.1 at 2015-02-08 09:55:03 -0800


Started GET "/assets/agency.css?body=1" for 127.0.0.1 at 2015-02-08 09:55:03 -0800


Started GET "/assets/agency.css" for 127.0.0.1 at 2015-02-08 09:55:03 -0800


Started GET "/assets/application.css?body=1" for 127.0.0.1 at 2015-02-08 09:55:03 -0800


Started GET "/assets/jquery_ujs.js?body=1" for 127.0.0.1 at 2015-02-08 09:55:03 -0800


Started GET "/assets/agency.js?body=1" for 127.0.0.1 at 2015-02-08 09:55:03 -0800


Started GET "/assets/underscore.js?body=1" for 127.0.0.1 at 2015-02-08 09:55:03 -0800


Started GET "/assets/gmaps/base.js?body=1" for 127.0.0.1 at 2015-02-08 09:55:03 -0800


Started GET "/assets/gmaps/base/base.js?body=1" for 127.0.0.1 at 2015-02-08 09:55:04 -0800


Started GET "/assets/gmaps/objects/base_builder.js?body=1" for 127.0.0.1 at 2015-02-08 09:55:04 -0800


Started GET "/assets/gmaps/objects/handler.js?body=1" for 127.0.0.1 at 2015-02-08 09:55:04 -0800


Started GET "/assets/gmaps/objects/null_clusterer.js?body=1" for 127.0.0.1 at 2015-02-08 09:55:04 -0800


Started GET "/assets/gmaps/objects/builder.js?body=1" for 127.0.0.1 at 2015-02-08 09:55:04 -0800


Started GET "/assets/gmaps/google/objects/common.js?body=1" for 127.0.0.1 at 2015-02-08 09:55:04 -0800


Started GET "/assets/gmaps/google/builders/kml.js?body=1" for 127.0.0.1 at 2015-02-08 09:55:04 -0800


Started GET "/assets/gmaps/google/builders/clusterer.js?body=1" for 127.0.0.1 at 2015-02-08 09:55:04 -0800


Started GET "/assets/gmaps/google/builders/circle.js?body=1" for 127.0.0.1 at 2015-02-08 09:55:04 -0800


Started GET "/assets/gmaps/google/builders/bound.js?body=1" for 127.0.0.1 at 2015-02-08 09:55:04 -0800


Started GET "/assets/gmaps/google/builders/map.js?body=1" for 127.0.0.1 at 2015-02-08 09:55:04 -0800


Started GET "/assets/gmaps/google/builders/marker.js?body=1" for 127.0.0.1 at 2015-02-08 09:55:04 -0800


Started GET "/assets/gmaps/google/builders/polyline.js?body=1" for 127.0.0.1 at 2015-02-08 09:55:04 -0800


Started GET "/assets/gmaps/google/builders/polygon.js?body=1" for 127.0.0.1 at 2015-02-08 09:55:04 -0800


Started GET "/assets/gmaps/google/objects/bound.js?body=1" for 127.0.0.1 at 2015-02-08 09:55:04 -0800


Started GET "/assets/gmaps/google/objects/map.js?body=1" for 127.0.0.1 at 2015-02-08 09:55:04 -0800


Started GET "/assets/gmaps/google/objects/marker.js?body=1" for 127.0.0.1 at 2015-02-08 09:55:04 -0800


Started GET "/assets/gmaps/google/objects/circle.js?body=1" for 127.0.0.1 at 2015-02-08 09:55:04 -0800


Started GET "/assets/gmaps/google/objects/polygon.js?body=1" for 127.0.0.1 at 2015-02-08 09:55:04 -0800


Started GET "/assets/gmaps/google.js?body=1" for 127.0.0.1 at 2015-02-08 09:55:04 -0800


Started GET "/assets/gmaps/google/objects/polyline.js?body=1" for 127.0.0.1 at 2015-02-08 09:55:04 -0800


Started GET "/assets/cbpAnimatedHeader.js?body=1" for 127.0.0.1 at 2015-02-08 09:55:04 -0800


Started GET "/assets/gmaps/google/primitives.js?body=1" for 127.0.0.1 at 2015-02-08 09:55:04 -0800


Started GET "/assets/classie.js?body=1" for 127.0.0.1 at 2015-02-08 09:55:04 -0800


Started GET "/assets/turbolinks.js?body=1" for 127.0.0.1 at 2015-02-08 09:55:04 -0800


Started GET "/assets/bootstrap.js?body=1" for 127.0.0.1 at 2015-02-08 09:55:04 -0800


Started GET "/assets/calculators.js?body=1" for 127.0.0.1 at 2015-02-08 09:55:04 -0800


Started GET "/assets/bootstrap.min.js?body=1" for 127.0.0.1 at 2015-02-08 09:55:04 -0800


Started GET "/assets/cbpAnimatedHeader.min.js?body=1" for 127.0.0.1 at 2015-02-08 09:55:04 -0800


Started GET "/assets/gmaps/google/objects/clusterer.js?body=1" for 127.0.0.1 at 2015-02-08 09:55:04 -0800


Started GET "/assets/gmaps.js?body=1" for 127.0.0.1 at 2015-02-08 09:55:04 -0800


Started GET "/assets/jqBootstrapValidation.js?body=1" for 127.0.0.1 at 2015-02-08 09:55:04 -0800


Started GET "/assets/site.js?body=1" for 127.0.0.1 at 2015-02-08 09:55:04 -0800


Started GET "/assets/gmaps/google/objects/kml.js?body=1" for 127.0.0.1 at 2015-02-08 09:55:04 -0800


Started GET "/assets/sites.js?body=1" for 127.0.0.1 at 2015-02-08 09:55:04 -0800


Started GET "/assets/application.js?body=1" for 127.0.0.1 at 2015-02-08 09:55:04 -0800


Started GET "/fonts/glyphicons-halflings-regular.woff2" for 127.0.0.1 at 2015-02-08 09:55:45 -0800

ActionController::RoutingError (No route matches [GET] "/fonts/glyphicons-halflings-regular.woff2"):
  actionpack (4.1.8) lib/action_dispatch/middleware/debug_exceptions.rb:21:in `call'
  actionpack (4.1.8) lib/action_dispatch/middleware/show_exceptions.rb:30:in `call'
  railties (4.1.8) lib/rails/rack/logger.rb:38:in `call_app'
  railties (4.1.8) lib/rails/rack/logger.rb:20:in `block in call'
  activesupport (4.1.8) lib/active_support/tagged_logging.rb:68:in `block in tagged'
  activesupport (4.1.8) lib/active_support/tagged_logging.rb:26:in `tagged'
  activesupport (4.1.8) lib/active_support/tagged_logging.rb:68:in `tagged'
  railties (4.1.8) lib/rails/rack/logger.rb:20:in `call'
  actionpack (4.1.8) lib/action_dispatch/middleware/request_id.rb:21:in `call'
  rack (1.5.2) lib/rack/methodoverride.rb:21:in `call'
  rack (1.5.2) lib/rack/runtime.rb:17:in `call'
  activesupport (4.1.8) lib/active_support/cache/strategy/local_cache_middleware.rb:26:in `call'
  rack (1.5.2) lib/rack/lock.rb:17:in `call'
  actionpack (4.1.8) lib/action_dispatch/middleware/static.rb:84:in `call'
  rack (1.5.2) lib/rack/sendfile.rb:112:in `call'
  railties (4.1.8) lib/rails/engine.rb:514:in `call'
  railties (4.1.8) lib/rails/application.rb:144:in `call'
  rack (1.5.2) lib/rack/lock.rb:17:in `call'
  rack (1.5.2) lib/rack/content_length.rb:14:in `call'
  rack (1.5.2) lib/rack/handler/webrick.rb:60:in `service'
  /Users/sw/.rbenv/versions/2.1.5/lib/ruby/2.1.0/webrick/httpserver.rb:138:in `service'
  /Users/sw/.rbenv/versions/2.1.5/lib/ruby/2.1.0/webrick/httpserver.rb:94:in `run'
  /Users/sw/.rbenv/versions/2.1.5/lib/ruby/2.1.0/webrick/server.rb:295:in `block in start_thread'


  Rendered /Users/sw/.rbenv/versions/2.1.5/lib/ruby/gems/2.1.0/gems/actionpack-4.1.8/lib/action_dispatch/middleware/templates/rescues/_trace.html.erb (1.3ms)
  Rendered /Users/sw/.rbenv/versions/2.1.5/lib/ruby/gems/2.1.0/gems/actionpack-4.1.8/lib/action_dispatch/middleware/templates/routes/_route.html.erb (1.1ms)
  Rendered /Users/sw/.rbenv/versions/2.1.5/lib/ruby/gems/2.1.0/gems/actionpack-4.1.8/lib/action_dispatch/middleware/templates/routes/_table.html.erb (10.3ms)
  Rendered /Users/sw/.rbenv/versions/2.1.5/lib/ruby/gems/2.1.0/gems/actionpack-4.1.8/lib/action_dispatch/middleware/templates/rescues/routing_error.html.erb within rescues/layout (48.9ms)


Started GET "/fonts/glyphicons-halflings-regular.woff" for 127.0.0.1 at 2015-02-08 09:55:45 -0800

ActionController::RoutingError (No route matches [GET] "/fonts/glyphicons-halflings-regular.woff"):
  actionpack (4.1.8) lib/action_dispatch/middleware/debug_exceptions.rb:21:in `call'
  actionpack (4.1.8) lib/action_dispatch/middleware/show_exceptions.rb:30:in `call'
  railties (4.1.8) lib/rails/rack/logger.rb:38:in `call_app'
  railties (4.1.8) lib/rails/rack/logger.rb:20:in `block in call'
  activesupport (4.1.8) lib/active_support/tagged_logging.rb:68:in `block in tagged'
  activesupport (4.1.8) lib/active_support/tagged_logging.rb:26:in `tagged'
  activesupport (4.1.8) lib/active_support/tagged_logging.rb:68:in `tagged'
  railties (4.1.8) lib/rails/rack/logger.rb:20:in `call'
  actionpack (4.1.8) lib/action_dispatch/middleware/request_id.rb:21:in `call'
  rack (1.5.2) lib/rack/methodoverride.rb:21:in `call'
  rack (1.5.2) lib/rack/runtime.rb:17:in `call'
  activesupport (4.1.8) lib/active_support/cache/strategy/local_cache_middleware.rb:26:in `call'
  rack (1.5.2) lib/rack/lock.rb:17:in `call'
  actionpack (4.1.8) lib/action_dispatch/middleware/static.rb:84:in `call'
  rack (1.5.2) lib/rack/sendfile.rb:112:in `call'
  railties (4.1.8) lib/rails/engine.rb:514:in `call'
  railties (4.1.8) lib/rails/application.rb:144:in `call'
  rack (1.5.2) lib/rack/lock.rb:17:in `call'
  rack (1.5.2) lib/rack/content_length.rb:14:in `call'
  rack (1.5.2) lib/rack/handler/webrick.rb:60:in `service'
  /Users/sw/.rbenv/versions/2.1.5/lib/ruby/2.1.0/webrick/httpserver.rb:138:in `service'
  /Users/sw/.rbenv/versions/2.1.5/lib/ruby/2.1.0/webrick/httpserver.rb:94:in `run'
  /Users/sw/.rbenv/versions/2.1.5/lib/ruby/2.1.0/webrick/server.rb:295:in `block in start_thread'


  Rendered /Users/sw/.rbenv/versions/2.1.5/lib/ruby/gems/2.1.0/gems/actionpack-4.1.8/lib/action_dispatch/middleware/templates/rescues/_trace.html.erb (1.8ms)
  Rendered /Users/sw/.rbenv/versions/2.1.5/lib/ruby/gems/2.1.0/gems/actionpack-4.1.8/lib/action_dispatch/middleware/templates/routes/_route.html.erb (1.3ms)
  Rendered /Users/sw/.rbenv/versions/2.1.5/lib/ruby/gems/2.1.0/gems/actionpack-4.1.8/lib/action_dispatch/middleware/templates/routes/_table.html.erb (1.1ms)
  Rendered /Users/sw/.rbenv/versions/2.1.5/lib/ruby/gems/2.1.0/gems/actionpack-4.1.8/lib/action_dispatch/middleware/templates/rescues/routing_error.html.erb within rescues/layout (25.8ms)


Started GET "/fonts/glyphicons-halflings-regular.ttf" for 127.0.0.1 at 2015-02-08 09:55:45 -0800

ActionController::RoutingError (No route matches [GET] "/fonts/glyphicons-halflings-regular.ttf"):
  actionpack (4.1.8) lib/action_dispatch/middleware/debug_exceptions.rb:21:in `call'
  actionpack (4.1.8) lib/action_dispatch/middleware/show_exceptions.rb:30:in `call'
  railties (4.1.8) lib/rails/rack/logger.rb:38:in `call_app'
  railties (4.1.8) lib/rails/rack/logger.rb:20:in `block in call'
  activesupport (4.1.8) lib/active_support/tagged_logging.rb:68:in `block in tagged'
  activesupport (4.1.8) lib/active_support/tagged_logging.rb:26:in `tagged'
  activesupport (4.1.8) lib/active_support/tagged_logging.rb:68:in `tagged'
  railties (4.1.8) lib/rails/rack/logger.rb:20:in `call'
  actionpack (4.1.8) lib/action_dispatch/middleware/request_id.rb:21:in `call'
  rack (1.5.2) lib/rack/methodoverride.rb:21:in `call'
  rack (1.5.2) lib/rack/runtime.rb:17:in `call'
  activesupport (4.1.8) lib/active_support/cache/strategy/local_cache_middleware.rb:26:in `call'
  rack (1.5.2) lib/rack/lock.rb:17:in `call'
  actionpack (4.1.8) lib/action_dispatch/middleware/static.rb:84:in `call'
  rack (1.5.2) lib/rack/sendfile.rb:112:in `call'
  railties (4.1.8) lib/rails/engine.rb:514:in `call'
  railties (4.1.8) lib/rails/application.rb:144:in `call'
  rack (1.5.2) lib/rack/lock.rb:17:in `call'
  rack (1.5.2) lib/rack/content_length.rb:14:in `call'
  rack (1.5.2) lib/rack/handler/webrick.rb:60:in `service'
  /Users/sw/.rbenv/versions/2.1.5/lib/ruby/2.1.0/webrick/httpserver.rb:138:in `service'
  /Users/sw/.rbenv/versions/2.1.5/lib/ruby/2.1.0/webrick/httpserver.rb:94:in `run'
  /Users/sw/.rbenv/versions/2.1.5/lib/ruby/2.1.0/webrick/server.rb:295:in `block in start_thread'


  Rendered /Users/sw/.rbenv/versions/2.1.5/lib/ruby/gems/2.1.0/gems/actionpack-4.1.8/lib/action_dispatch/middleware/templates/rescues/_trace.html.erb (1.8ms)
  Rendered /Users/sw/.rbenv/versions/2.1.5/lib/ruby/gems/2.1.0/gems/actionpack-4.1.8/lib/action_dispatch/middleware/templates/routes/_route.html.erb (1.7ms)
  Rendered /Users/sw/.rbenv/versions/2.1.5/lib/ruby/gems/2.1.0/gems/actionpack-4.1.8/lib/action_dispatch/middleware/templates/routes/_table.html.erb (1.6ms)
  Rendered /Users/sw/.rbenv/versions/2.1.5/lib/ruby/gems/2.1.0/gems/actionpack-4.1.8/lib/action_dispatch/middleware/templates/rescues/routing_error.html.erb within rescues/layout (32.7ms)


Started GET "/map" for 127.0.0.1 at 2015-02-08 09:57:37 -0800
Processing by SitesController#map as HTML
  Rendered sites/map.html.erb within layouts/application (1.3ms)
Completed 200 OK in 4822ms (Views: 478.3ms | ActiveRecord: 0.0ms)


Started GET "/assets/agency.css?body=1" for 127.0.0.1 at 2015-02-08 09:57:42 -0800


Started GET "/assets/bootstrap.min.css?body=1" for 127.0.0.1 at 2015-02-08 09:57:42 -0800


Started GET "/assets/agency.css" for 127.0.0.1 at 2015-02-08 09:57:42 -0800


Started GET "/assets/sites.css?body=1" for 127.0.0.1 at 2015-02-08 09:57:42 -0800


Started GET "/assets/calculators.css?body=1" for 127.0.0.1 at 2015-02-08 09:57:42 -0800


Started GET "/assets/application.css?body=1" for 127.0.0.1 at 2015-02-08 09:57:42 -0800


Started GET "/assets/jquery_ujs.js?body=1" for 127.0.0.1 at 2015-02-08 09:57:42 -0800


Started GET "/javascripts/gmaps.js" for 127.0.0.1 at 2015-02-08 09:57:42 -0800

ActionController::RoutingError (No route matches [GET] "/javascripts/gmaps.js"):
  actionpack (4.1.8) lib/action_dispatch/middleware/debug_exceptions.rb:21:in `call'
  actionpack (4.1.8) lib/action_dispatch/middleware/show_exceptions.rb:30:in `call'
  railties (4.1.8) lib/rails/rack/logger.rb:38:in `call_app'
  railties (4.1.8) lib/rails/rack/logger.rb:20:in `block in call'
  activesupport (4.1.8) lib/active_support/tagged_logging.rb:68:in `block in tagged'
  activesupport (4.1.8) lib/active_support/tagged_logging.rb:26:in `tagged'
  activesupport (4.1.8) lib/active_support/tagged_logging.rb:68:in `tagged'
  railties (4.1.8) lib/rails/rack/logger.rb:20:in `call'
  actionpack (4.1.8) lib/action_dispatch/middleware/request_id.rb:21:in `call'
  rack (1.5.2) lib/rack/methodoverride.rb:21:in `call'
  rack (1.5.2) lib/rack/runtime.rb:17:in `call'
  activesupport (4.1.8) lib/active_support/cache/strategy/local_cache_middleware.rb:26:in `call'
  rack (1.5.2) lib/rack/lock.rb:17:in `call'
  actionpack (4.1.8) lib/action_dispatch/middleware/static.rb:84:in `call'
  rack (1.5.2) lib/rack/sendfile.rb:112:in `call'
  railties (4.1.8) lib/rails/engine.rb:514:in `call'
  railties (4.1.8) lib/rails/application.rb:144:in `call'
  rack (1.5.2) lib/rack/lock.rb:17:in `call'
  rack (1.5.2) lib/rack/content_length.rb:14:in `call'
  rack (1.5.2) lib/rack/handler/webrick.rb:60:in `service'
  /Users/sw/.rbenv/versions/2.1.5/lib/ruby/2.1.0/webrick/httpserver.rb:138:in `service'
  /Users/sw/.rbenv/versions/2.1.5/lib/ruby/2.1.0/webrick/httpserver.rb:94:in `run'
  /Users/sw/.rbenv/versions/2.1.5/lib/ruby/2.1.0/webrick/server.rb:295:in `block in start_thread'


  Rendered /Users/sw/.rbenv/versions/2.1.5/lib/ruby/gems/2.1.0/gems/actionpack-4.1.8/lib/action_dispatch/middleware/templates/rescues/_trace.html.erb (1.6ms)
  Rendered /Users/sw/.rbenv/versions/2.1.5/lib/ruby/gems/2.1.0/gems/actionpack-4.1.8/lib/action_dispatch/middleware/templates/routes/_route.html.erb (1.3ms)
  Rendered /Users/sw/.rbenv/versions/2.1.5/lib/ruby/gems/2.1.0/gems/actionpack-4.1.8/lib/action_dispatch/middleware/templates/routes/_table.html.erb (1.6ms)
  Rendered /Users/sw/.rbenv/versions/2.1.5/lib/ruby/gems/2.1.0/gems/actionpack-4.1.8/lib/action_dispatch/middleware/templates/rescues/routing_error.html.erb within rescues/layout (25.4ms)


Started GET "/assets/underscore.js?body=1" for 127.0.0.1 at 2015-02-08 09:57:42 -0800


Started GET "/assets/gmaps/base.js?body=1" for 127.0.0.1 at 2015-02-08 09:57:42 -0800


Started GET "/assets/agency.js?body=1" for 127.0.0.1 at 2015-02-08 09:57:42 -0800


Started GET "/assets/jquery.js?body=1" for 127.0.0.1 at 2015-02-08 09:57:42 -0800


Started GET "/assets/gmaps/base/base.js?body=1" for 127.0.0.1 at 2015-02-08 09:57:42 -0800


Started GET "/assets/gmaps/objects/base_builder.js?body=1" for 127.0.0.1 at 2015-02-08 09:57:42 -0800


Started GET "/assets/gmaps/google/objects/common.js?body=1" for 127.0.0.1 at 2015-02-08 09:57:42 -0800


Started GET "/assets/gmaps/objects/handler.js?body=1" for 127.0.0.1 at 2015-02-08 09:57:42 -0800


Started GET "/assets/gmaps/objects/null_clusterer.js?body=1" for 127.0.0.1 at 2015-02-08 09:57:42 -0800


Started GET "/assets/gmaps/google/builders/circle.js?body=1" for 127.0.0.1 at 2015-02-08 09:57:42 -0800


Started GET "/assets/gmaps/google/builders/bound.js?body=1" for 127.0.0.1 at 2015-02-08 09:57:42 -0800


Started GET "/assets/gmaps/objects/builder.js?body=1" for 127.0.0.1 at 2015-02-08 09:57:42 -0800


Started GET "/assets/gmaps/google/builders/clusterer.js?body=1" for 127.0.0.1 at 2015-02-08 09:57:42 -0800


Started GET "/assets/gmaps/google/builders/kml.js?body=1" for 127.0.0.1 at 2015-02-08 09:57:42 -0800


Started GET "/assets/gmaps/google/builders/map.js?body=1" for 127.0.0.1 at 2015-02-08 09:57:42 -0800


Started GET "/assets/gmaps/google/builders/polygon.js?body=1" for 127.0.0.1 at 2015-02-08 09:57:42 -0800


Started GET "/assets/gmaps/google/builders/polyline.js?body=1" for 127.0.0.1 at 2015-02-08 09:57:42 -0800


Started GET "/assets/gmaps/google/builders/marker.js?body=1" for 127.0.0.1 at 2015-02-08 09:57:42 -0800


Started GET "/assets/gmaps/google/objects/circle.js?body=1" for 127.0.0.1 at 2015-02-08 09:57:42 -0800


Started GET "/assets/gmaps/google/objects/bound.js?body=1" for 127.0.0.1 at 2015-02-08 09:57:42 -0800


Started GET "/assets/gmaps/google/objects/clusterer.js?body=1" for 127.0.0.1 at 2015-02-08 09:57:42 -0800


Started GET "/assets/gmaps/google/objects/kml.js?body=1" for 127.0.0.1 at 2015-02-08 09:57:42 -0800


Started GET "/assets/gmaps/google/objects/map.js?body=1" for 127.0.0.1 at 2015-02-08 09:57:42 -0800


Started GET "/assets/gmaps/google/objects/marker.js?body=1" for 127.0.0.1 at 2015-02-08 09:57:42 -0800


Started GET "/assets/gmaps/google/objects/polygon.js?body=1" for 127.0.0.1 at 2015-02-08 09:57:42 -0800


Started GET "/assets/gmaps/google/objects/polyline.js?body=1" for 127.0.0.1 at 2015-02-08 09:57:42 -0800


Started GET "/assets/gmaps/google/primitives.js?body=1" for 127.0.0.1 at 2015-02-08 09:57:42 -0800


Started GET "/assets/gmaps/google.js?body=1" for 127.0.0.1 at 2015-02-08 09:57:42 -0800


Started GET "/assets/cbpAnimatedHeader.js?body=1" for 127.0.0.1 at 2015-02-08 09:57:42 -0800


Started GET "/assets/classie.js?body=1" for 127.0.0.1 at 2015-02-08 09:57:42 -0800


Started GET "/assets/turbolinks.js?body=1" for 127.0.0.1 at 2015-02-08 09:57:42 -0800


Started GET "/assets/cbpAnimatedHeader.min.js?body=1" for 127.0.0.1 at 2015-02-08 09:57:42 -0800


Started GET "/assets/bootstrap.js?body=1" for 127.0.0.1 at 2015-02-08 09:57:42 -0800


Started GET "/assets/jqBootstrapValidation.js?body=1" for 127.0.0.1 at 2015-02-08 09:57:42 -0800


Started GET "/assets/bootstrap.min.js?body=1" for 127.0.0.1 at 2015-02-08 09:57:42 -0800


Started GET "/assets/site.js?body=1" for 127.0.0.1 at 2015-02-08 09:57:42 -0800


Started GET "/assets/sites.js?body=1" for 127.0.0.1 at 2015-02-08 09:57:42 -0800


Started GET "/assets/application.js?body=1" for 127.0.0.1 at 2015-02-08 09:57:42 -0800


Started GET "/assets/calculators.js?body=1" for 127.0.0.1 at 2015-02-08 09:57:43 -0800


Started GET "/fonts/glyphicons-halflings-regular.woff2" for 127.0.0.1 at 2015-02-08 09:57:54 -0800

ActionController::RoutingError (No route matches [GET] "/fonts/glyphicons-halflings-regular.woff2"):
  actionpack (4.1.8) lib/action_dispatch/middleware/debug_exceptions.rb:21:in `call'
  actionpack (4.1.8) lib/action_dispatch/middleware/show_exceptions.rb:30:in `call'
  railties (4.1.8) lib/rails/rack/logger.rb:38:in `call_app'
  railties (4.1.8) lib/rails/rack/logger.rb:20:in `block in call'
  activesupport (4.1.8) lib/active_support/tagged_logging.rb:68:in `block in tagged'
  activesupport (4.1.8) lib/active_support/tagged_logging.rb:26:in `tagged'
  activesupport (4.1.8) lib/active_support/tagged_logging.rb:68:in `tagged'
  railties (4.1.8) lib/rails/rack/logger.rb:20:in `call'
  actionpack (4.1.8) lib/action_dispatch/middleware/request_id.rb:21:in `call'
  rack (1.5.2) lib/rack/methodoverride.rb:21:in `call'
  rack (1.5.2) lib/rack/runtime.rb:17:in `call'
  activesupport (4.1.8) lib/active_support/cache/strategy/local_cache_middleware.rb:26:in `call'
  rack (1.5.2) lib/rack/lock.rb:17:in `call'
  actionpack (4.1.8) lib/action_dispatch/middleware/static.rb:84:in `call'
  rack (1.5.2) lib/rack/sendfile.rb:112:in `call'
  railties (4.1.8) lib/rails/engine.rb:514:in `call'
  railties (4.1.8) lib/rails/application.rb:144:in `call'
  rack (1.5.2) lib/rack/lock.rb:17:in `call'
  rack (1.5.2) lib/rack/content_length.rb:14:in `call'
  rack (1.5.2) lib/rack/handler/webrick.rb:60:in `service'
  /Users/sw/.rbenv/versions/2.1.5/lib/ruby/2.1.0/webrick/httpserver.rb:138:in `service'
  /Users/sw/.rbenv/versions/2.1.5/lib/ruby/2.1.0/webrick/httpserver.rb:94:in `run'
  /Users/sw/.rbenv/versions/2.1.5/lib/ruby/2.1.0/webrick/server.rb:295:in `block in start_thread'


  Rendered /Users/sw/.rbenv/versions/2.1.5/lib/ruby/gems/2.1.0/gems/actionpack-4.1.8/lib/action_dispatch/middleware/templates/rescues/_trace.html.erb (1.3ms)
  Rendered /Users/sw/.rbenv/versions/2.1.5/lib/ruby/gems/2.1.0/gems/actionpack-4.1.8/lib/action_dispatch/middleware/templates/routes/_route.html.erb (1.3ms)
  Rendered /Users/sw/.rbenv/versions/2.1.5/lib/ruby/gems/2.1.0/gems/actionpack-4.1.8/lib/action_dispatch/middleware/templates/routes/_table.html.erb (1.8ms)
  Rendered /Users/sw/.rbenv/versions/2.1.5/lib/ruby/gems/2.1.0/gems/actionpack-4.1.8/lib/action_dispatch/middleware/templates/rescues/routing_error.html.erb within rescues/layout (25.2ms)


Started GET "/fonts/glyphicons-halflings-regular.woff" for 127.0.0.1 at 2015-02-08 09:57:54 -0800

ActionController::RoutingError (No route matches [GET] "/fonts/glyphicons-halflings-regular.woff"):
  actionpack (4.1.8) lib/action_dispatch/middleware/debug_exceptions.rb:21:in `call'
  actionpack (4.1.8) lib/action_dispatch/middleware/show_exceptions.rb:30:in `call'
  railties (4.1.8) lib/rails/rack/logger.rb:38:in `call_app'
  railties (4.1.8) lib/rails/rack/logger.rb:20:in `block in call'
  activesupport (4.1.8) lib/active_support/tagged_logging.rb:68:in `block in tagged'
  activesupport (4.1.8) lib/active_support/tagged_logging.rb:26:in `tagged'
  activesupport (4.1.8) lib/active_support/tagged_logging.rb:68:in `tagged'
  railties (4.1.8) lib/rails/rack/logger.rb:20:in `call'
  actionpack (4.1.8) lib/action_dispatch/middleware/request_id.rb:21:in `call'
  rack (1.5.2) lib/rack/methodoverride.rb:21:in `call'
  rack (1.5.2) lib/rack/runtime.rb:17:in `call'
  activesupport (4.1.8) lib/active_support/cache/strategy/local_cache_middleware.rb:26:in `call'
  rack (1.5.2) lib/rack/lock.rb:17:in `call'
  actionpack (4.1.8) lib/action_dispatch/middleware/static.rb:84:in `call'
  rack (1.5.2) lib/rack/sendfile.rb:112:in `call'
  railties (4.1.8) lib/rails/engine.rb:514:in `call'
  railties (4.1.8) lib/rails/application.rb:144:in `call'
  rack (1.5.2) lib/rack/lock.rb:17:in `call'
  rack (1.5.2) lib/rack/content_length.rb:14:in `call'
  rack (1.5.2) lib/rack/handler/webrick.rb:60:in `service'
  /Users/sw/.rbenv/versions/2.1.5/lib/ruby/2.1.0/webrick/httpserver.rb:138:in `service'
  /Users/sw/.rbenv/versions/2.1.5/lib/ruby/2.1.0/webrick/httpserver.rb:94:in `run'
  /Users/sw/.rbenv/versions/2.1.5/lib/ruby/2.1.0/webrick/server.rb:295:in `block in start_thread'


  Rendered /Users/sw/.rbenv/versions/2.1.5/lib/ruby/gems/2.1.0/gems/actionpack-4.1.8/lib/action_dispatch/middleware/templates/rescues/_trace.html.erb (1.5ms)
  Rendered /Users/sw/.rbenv/versions/2.1.5/lib/ruby/gems/2.1.0/gems/actionpack-4.1.8/lib/action_dispatch/middleware/templates/routes/_route.html.erb (1.4ms)
  Rendered /Users/sw/.rbenv/versions/2.1.5/lib/ruby/gems/2.1.0/gems/actionpack-4.1.8/lib/action_dispatch/middleware/templates/routes/_table.html.erb (1.0ms)
  Rendered /Users/sw/.rbenv/versions/2.1.5/lib/ruby/gems/2.1.0/gems/actionpack-4.1.8/lib/action_dispatch/middleware/templates/rescues/routing_error.html.erb within rescues/layout (26.0ms)


Started GET "/fonts/glyphicons-halflings-regular.ttf" for 127.0.0.1 at 2015-02-08 09:57:54 -0800

ActionController::RoutingError (No route matches [GET] "/fonts/glyphicons-halflings-regular.ttf"):
  actionpack (4.1.8) lib/action_dispatch/middleware/debug_exceptions.rb:21:in `call'
  actionpack (4.1.8) lib/action_dispatch/middleware/show_exceptions.rb:30:in `call'
  railties (4.1.8) lib/rails/rack/logger.rb:38:in `call_app'
  railties (4.1.8) lib/rails/rack/logger.rb:20:in `block in call'
  activesupport (4.1.8) lib/active_support/tagged_logging.rb:68:in `block in tagged'
  activesupport (4.1.8) lib/active_support/tagged_logging.rb:26:in `tagged'
  activesupport (4.1.8) lib/active_support/tagged_logging.rb:68:in `tagged'
  railties (4.1.8) lib/rails/rack/logger.rb:20:in `call'
  actionpack (4.1.8) lib/action_dispatch/middleware/request_id.rb:21:in `call'
  rack (1.5.2) lib/rack/methodoverride.rb:21:in `call'
  rack (1.5.2) lib/rack/runtime.rb:17:in `call'
  activesupport (4.1.8) lib/active_support/cache/strategy/local_cache_middleware.rb:26:in `call'
  rack (1.5.2) lib/rack/lock.rb:17:in `call'
  actionpack (4.1.8) lib/action_dispatch/middleware/static.rb:84:in `call'
  rack (1.5.2) lib/rack/sendfile.rb:112:in `call'
  railties (4.1.8) lib/rails/engine.rb:514:in `call'
  railties (4.1.8) lib/rails/application.rb:144:in `call'
  rack (1.5.2) lib/rack/lock.rb:17:in `call'
  rack (1.5.2) lib/rack/content_length.rb:14:in `call'
  rack (1.5.2) lib/rack/handler/webrick.rb:60:in `service'
  /Users/sw/.rbenv/versions/2.1.5/lib/ruby/2.1.0/webrick/httpserver.rb:138:in `service'
  /Users/sw/.rbenv/versions/2.1.5/lib/ruby/2.1.0/webrick/httpserver.rb:94:in `run'
  /Users/sw/.rbenv/versions/2.1.5/lib/ruby/2.1.0/webrick/server.rb:295:in `block in start_thread'


  Rendered /Users/sw/.rbenv/versions/2.1.5/lib/ruby/gems/2.1.0/gems/actionpack-4.1.8/lib/action_dispatch/middleware/templates/rescues/_trace.html.erb (1.7ms)
  Rendered /Users/sw/.rbenv/versions/2.1.5/lib/ruby/gems/2.1.0/gems/actionpack-4.1.8/lib/action_dispatch/middleware/templates/routes/_route.html.erb (1.8ms)
  Rendered /Users/sw/.rbenv/versions/2.1.5/lib/ruby/gems/2.1.0/gems/actionpack-4.1.8/lib/action_dispatch/middleware/templates/routes/_table.html.erb (1.8ms)
  Rendered /Users/sw/.rbenv/versions/2.1.5/lib/ruby/gems/2.1.0/gems/actionpack-4.1.8/lib/action_dispatch/middleware/templates/rescues/routing_error.html.erb within rescues/layout (56.3ms)


Started GET "/map" for 127.0.0.1 at 2015-02-08 10:22:13 -0800
Processing by SitesController#map as HTML
  Rendered sites/map.html.erb within layouts/application (2.6ms)
Completed 200 OK in 11949ms (Views: 631.8ms | ActiveRecord: 0.0ms)


Started GET "/javascripts/gmaps.js" for 127.0.0.1 at 2015-02-08 10:22:25 -0800

ActionController::RoutingError (No route matches [GET] "/javascripts/gmaps.js"):
  actionpack (4.1.8) lib/action_dispatch/middleware/debug_exceptions.rb:21:in `call'
  actionpack (4.1.8) lib/action_dispatch/middleware/show_exceptions.rb:30:in `call'
  railties (4.1.8) lib/rails/rack/logger.rb:38:in `call_app'
  railties (4.1.8) lib/rails/rack/logger.rb:20:in `block in call'
  activesupport (4.1.8) lib/active_support/tagged_logging.rb:68:in `block in tagged'
  activesupport (4.1.8) lib/active_support/tagged_logging.rb:26:in `tagged'
  activesupport (4.1.8) lib/active_support/tagged_logging.rb:68:in `tagged'
  railties (4.1.8) lib/rails/rack/logger.rb:20:in `call'
  actionpack (4.1.8) lib/action_dispatch/middleware/request_id.rb:21:in `call'
  rack (1.5.2) lib/rack/methodoverride.rb:21:in `call'
  rack (1.5.2) lib/rack/runtime.rb:17:in `call'
  activesupport (4.1.8) lib/active_support/cache/strategy/local_cache_middleware.rb:26:in `call'
  rack (1.5.2) lib/rack/lock.rb:17:in `call'
  actionpack (4.1.8) lib/action_dispatch/middleware/static.rb:84:in `call'
  rack (1.5.2) lib/rack/sendfile.rb:112:in `call'
  railties (4.1.8) lib/rails/engine.rb:514:in `call'
  railties (4.1.8) lib/rails/application.rb:144:in `call'
  rack (1.5.2) lib/rack/lock.rb:17:in `call'
  rack (1.5.2) lib/rack/content_length.rb:14:in `call'
  rack (1.5.2) lib/rack/handler/webrick.rb:60:in `service'
  /Users/sw/.rbenv/versions/2.1.5/lib/ruby/2.1.0/webrick/httpserver.rb:138:in `service'
  /Users/sw/.rbenv/versions/2.1.5/lib/ruby/2.1.0/webrick/httpserver.rb:94:in `run'
  /Users/sw/.rbenv/versions/2.1.5/lib/ruby/2.1.0/webrick/server.rb:295:in `block in start_thread'


  Rendered /Users/sw/.rbenv/versions/2.1.5/lib/ruby/gems/2.1.0/gems/actionpack-4.1.8/lib/action_dispatch/middleware/templates/rescues/_trace.html.erb (3.1ms)
  Rendered /Users/sw/.rbenv/versions/2.1.5/lib/ruby/gems/2.1.0/gems/actionpack-4.1.8/lib/action_dispatch/middleware/templates/routes/_route.html.erb (1.3ms)
  Rendered /Users/sw/.rbenv/versions/2.1.5/lib/ruby/gems/2.1.0/gems/actionpack-4.1.8/lib/action_dispatch/middleware/templates/routes/_table.html.erb (1.1ms)
  Rendered /Users/sw/.rbenv/versions/2.1.5/lib/ruby/gems/2.1.0/gems/actionpack-4.1.8/lib/action_dispatch/middleware/templates/rescues/routing_error.html.erb within rescues/layout (33.4ms)


Started GET "/assets/agency.css" for 127.0.0.1 at 2015-02-08 10:22:25 -0800


Started GET "/assets/sites.css?body=1" for 127.0.0.1 at 2015-02-08 10:22:25 -0800


Started GET "/assets/agency.css?body=1" for 127.0.0.1 at 2015-02-08 10:22:25 -0800


Started GET "/assets/calculators.css?body=1" for 127.0.0.1 at 2015-02-08 10:22:25 -0800


Started GET "/assets/bootstrap.min.css?body=1" for 127.0.0.1 at 2015-02-08 10:22:25 -0800


Started GET "/assets/jquery.js?body=1" for 127.0.0.1 at 2015-02-08 10:22:25 -0800


Started GET "/assets/jquery_ujs.js?body=1" for 127.0.0.1 at 2015-02-08 10:22:25 -0800


Started GET "/assets/application.css?body=1" for 127.0.0.1 at 2015-02-08 10:22:25 -0800


Started GET "/assets/agency.js?body=1" for 127.0.0.1 at 2015-02-08 10:22:25 -0800


Started GET "/assets/underscore.js?body=1" for 127.0.0.1 at 2015-02-08 10:22:25 -0800


Started GET "/assets/gmaps/base.js?body=1" for 127.0.0.1 at 2015-02-08 10:22:25 -0800


Started GET "/assets/gmaps/objects/base_builder.js?body=1" for 127.0.0.1 at 2015-02-08 10:22:25 -0800


Started GET "/assets/gmaps/base/base.js?body=1" for 127.0.0.1 at 2015-02-08 10:22:25 -0800


Started GET "/assets/gmaps/objects/builder.js?body=1" for 127.0.0.1 at 2015-02-08 10:22:25 -0800


Started GET "/assets/gmaps/objects/handler.js?body=1" for 127.0.0.1 at 2015-02-08 10:22:25 -0800


Started GET "/assets/gmaps/objects/null_clusterer.js?body=1" for 127.0.0.1 at 2015-02-08 10:22:25 -0800


Started GET "/assets/gmaps/google/objects/common.js?body=1" for 127.0.0.1 at 2015-02-08 10:22:25 -0800


Started GET "/assets/gmaps/google/builders/bound.js?body=1" for 127.0.0.1 at 2015-02-08 10:22:25 -0800


Started GET "/assets/gmaps/google/builders/circle.js?body=1" for 127.0.0.1 at 2015-02-08 10:22:25 -0800


Started GET "/assets/gmaps/google/builders/clusterer.js?body=1" for 127.0.0.1 at 2015-02-08 10:22:25 -0800


Started GET "/assets/gmaps/google/builders/kml.js?body=1" for 127.0.0.1 at 2015-02-08 10:22:25 -0800


Started GET "/assets/gmaps/google/builders/map.js?body=1" for 127.0.0.1 at 2015-02-08 10:22:25 -0800


Started GET "/assets/gmaps/google/builders/marker.js?body=1" for 127.0.0.1 at 2015-02-08 10:22:25 -0800


Started GET "/assets/gmaps/google/builders/polygon.js?body=1" for 127.0.0.1 at 2015-02-08 10:22:25 -0800


Started GET "/assets/gmaps/google/builders/polyline.js?body=1" for 127.0.0.1 at 2015-02-08 10:22:25 -0800


Started GET "/assets/gmaps/google/objects/circle.js?body=1" for 127.0.0.1 at 2015-02-08 10:22:26 -0800


Started GET "/assets/gmaps/google/objects/bound.js?body=1" for 127.0.0.1 at 2015-02-08 10:22:26 -0800


Started GET "/assets/gmaps/google/objects/clusterer.js?body=1" for 127.0.0.1 at 2015-02-08 10:22:26 -0800


Started GET "/assets/gmaps/google/objects/kml.js?body=1" for 127.0.0.1 at 2015-02-08 10:22:26 -0800


Started GET "/assets/gmaps/google/objects/map.js?body=1" for 127.0.0.1 at 2015-02-08 10:22:26 -0800


Started GET "/assets/gmaps/google/objects/marker.js?body=1" for 127.0.0.1 at 2015-02-08 10:22:26 -0800


Started GET "/assets/gmaps/google/objects/polygon.js?body=1" for 127.0.0.1 at 2015-02-08 10:22:26 -0800


Started GET "/assets/gmaps/google/objects/polyline.js?body=1" for 127.0.0.1 at 2015-02-08 10:22:26 -0800


Started GET "/assets/cbpAnimatedHeader.js?body=1" for 127.0.0.1 at 2015-02-08 10:22:26 -0800


Started GET "/assets/gmaps/google/primitives.js?body=1" for 127.0.0.1 at 2015-02-08 10:22:26 -0800


Started GET "/assets/gmaps/google.js?body=1" for 127.0.0.1 at 2015-02-08 10:22:26 -0800


Started GET "/assets/classie.js?body=1" for 127.0.0.1 at 2015-02-08 10:22:26 -0800


Started GET "/assets/turbolinks.js?body=1" for 127.0.0.1 at 2015-02-08 10:22:26 -0800


Started GET "/assets/bootstrap.js?body=1" for 127.0.0.1 at 2015-02-08 10:22:26 -0800


Started GET "/assets/calculators.js?body=1" for 127.0.0.1 at 2015-02-08 10:22:26 -0800


Started GET "/assets/jqBootstrapValidation.js?body=1" for 127.0.0.1 at 2015-02-08 10:22:26 -0800


Started GET "/assets/bootstrap.min.js?body=1" for 127.0.0.1 at 2015-02-08 10:22:26 -0800


Started GET "/assets/cbpAnimatedHeader.min.js?body=1" for 127.0.0.1 at 2015-02-08 10:22:26 -0800


Started GET "/assets/site.js?body=1" for 127.0.0.1 at 2015-02-08 10:22:26 -0800


Started GET "/assets/sites.js?body=1" for 127.0.0.1 at 2015-02-08 10:22:26 -0800


Started GET "/assets/application.js?body=1" for 127.0.0.1 at 2015-02-08 10:22:26 -0800


Started GET "/map" for 127.0.0.1 at 2015-02-08 10:22:48 -0800
Processing by SitesController#map as HTML
  Rendered sites/map.html.erb within layouts/application (0.2ms)
Completed 200 OK in 1557ms (Views: 328.4ms | ActiveRecord: 0.0ms)


Started GET "/fonts/glyphicons-halflings-regular.woff2" for 127.0.0.1 at 2015-02-08 10:23:56 -0800

ActionController::RoutingError (No route matches [GET] "/fonts/glyphicons-halflings-regular.woff2"):
  actionpack (4.1.8) lib/action_dispatch/middleware/debug_exceptions.rb:21:in `call'
  actionpack (4.1.8) lib/action_dispatch/middleware/show_exceptions.rb:30:in `call'
  railties (4.1.8) lib/rails/rack/logger.rb:38:in `call_app'
  railties (4.1.8) lib/rails/rack/logger.rb:20:in `block in call'
  activesupport (4.1.8) lib/active_support/tagged_logging.rb:68:in `block in tagged'
  activesupport (4.1.8) lib/active_support/tagged_logging.rb:26:in `tagged'
  activesupport (4.1.8) lib/active_support/tagged_logging.rb:68:in `tagged'
  railties (4.1.8) lib/rails/rack/logger.rb:20:in `call'
  actionpack (4.1.8) lib/action_dispatch/middleware/request_id.rb:21:in `call'
  rack (1.5.2) lib/rack/methodoverride.rb:21:in `call'
  rack (1.5.2) lib/rack/runtime.rb:17:in `call'
  activesupport (4.1.8) lib/active_support/cache/strategy/local_cache_middleware.rb:26:in `call'
  rack (1.5.2) lib/rack/lock.rb:17:in `call'
  actionpack (4.1.8) lib/action_dispatch/middleware/static.rb:84:in `call'
  rack (1.5.2) lib/rack/sendfile.rb:112:in `call'
  railties (4.1.8) lib/rails/engine.rb:514:in `call'
  railties (4.1.8) lib/rails/application.rb:144:in `call'
  rack (1.5.2) lib/rack/lock.rb:17:in `call'
  rack (1.5.2) lib/rack/content_length.rb:14:in `call'
  rack (1.5.2) lib/rack/handler/webrick.rb:60:in `service'
  /Users/sw/.rbenv/versions/2.1.5/lib/ruby/2.1.0/webrick/httpserver.rb:138:in `service'
  /Users/sw/.rbenv/versions/2.1.5/lib/ruby/2.1.0/webrick/httpserver.rb:94:in `run'
  /Users/sw/.rbenv/versions/2.1.5/lib/ruby/2.1.0/webrick/server.rb:295:in `block in start_thread'


  Rendered /Users/sw/.rbenv/versions/2.1.5/lib/ruby/gems/2.1.0/gems/actionpack-4.1.8/lib/action_dispatch/middleware/templates/rescues/_trace.html.erb (1.8ms)
  Rendered /Users/sw/.rbenv/versions/2.1.5/lib/ruby/gems/2.1.0/gems/actionpack-4.1.8/lib/action_dispatch/middleware/templates/routes/_route.html.erb (1.3ms)
  Rendered /Users/sw/.rbenv/versions/2.1.5/lib/ruby/gems/2.1.0/gems/actionpack-4.1.8/lib/action_dispatch/middleware/templates/routes/_table.html.erb (1.6ms)
  Rendered /Users/sw/.rbenv/versions/2.1.5/lib/ruby/gems/2.1.0/gems/actionpack-4.1.8/lib/action_dispatch/middleware/templates/rescues/routing_error.html.erb within rescues/layout (26.0ms)


Started GET "/fonts/glyphicons-halflings-regular.woff" for 127.0.0.1 at 2015-02-08 10:23:56 -0800

ActionController::RoutingError (No route matches [GET] "/fonts/glyphicons-halflings-regular.woff"):
  actionpack (4.1.8) lib/action_dispatch/middleware/debug_exceptions.rb:21:in `call'
  actionpack (4.1.8) lib/action_dispatch/middleware/show_exceptions.rb:30:in `call'
  railties (4.1.8) lib/rails/rack/logger.rb:38:in `call_app'
  railties (4.1.8) lib/rails/rack/logger.rb:20:in `block in call'
  activesupport (4.1.8) lib/active_support/tagged_logging.rb:68:in `block in tagged'
  activesupport (4.1.8) lib/active_support/tagged_logging.rb:26:in `tagged'
  activesupport (4.1.8) lib/active_support/tagged_logging.rb:68:in `tagged'
  railties (4.1.8) lib/rails/rack/logger.rb:20:in `call'
  actionpack (4.1.8) lib/action_dispatch/middleware/request_id.rb:21:in `call'
  rack (1.5.2) lib/rack/methodoverride.rb:21:in `call'
  rack (1.5.2) lib/rack/runtime.rb:17:in `call'
  activesupport (4.1.8) lib/active_support/cache/strategy/local_cache_middleware.rb:26:in `call'
  rack (1.5.2) lib/rack/lock.rb:17:in `call'
  actionpack (4.1.8) lib/action_dispatch/middleware/static.rb:84:in `call'
  rack (1.5.2) lib/rack/sendfile.rb:112:in `call'
  railties (4.1.8) lib/rails/engine.rb:514:in `call'
  railties (4.1.8) lib/rails/application.rb:144:in `call'
  rack (1.5.2) lib/rack/lock.rb:17:in `call'
  rack (1.5.2) lib/rack/content_length.rb:14:in `call'
  rack (1.5.2) lib/rack/handler/webrick.rb:60:in `service'
  /Users/sw/.rbenv/versions/2.1.5/lib/ruby/2.1.0/webrick/httpserver.rb:138:in `service'
  /Users/sw/.rbenv/versions/2.1.5/lib/ruby/2.1.0/webrick/httpserver.rb:94:in `run'
  /Users/sw/.rbenv/versions/2.1.5/lib/ruby/2.1.0/webrick/server.rb:295:in `block in start_thread'


  Rendered /Users/sw/.rbenv/versions/2.1.5/lib/ruby/gems/2.1.0/gems/actionpack-4.1.8/lib/action_dispatch/middleware/templates/rescues/_trace.html.erb (1.4ms)
  Rendered /Users/sw/.rbenv/versions/2.1.5/lib/ruby/gems/2.1.0/gems/actionpack-4.1.8/lib/action_dispatch/middleware/templates/routes/_route.html.erb (4.6ms)
  Rendered /Users/sw/.rbenv/versions/2.1.5/lib/ruby/gems/2.1.0/gems/actionpack-4.1.8/lib/action_dispatch/middleware/templates/routes/_table.html.erb (2.6ms)
  Rendered /Users/sw/.rbenv/versions/2.1.5/lib/ruby/gems/2.1.0/gems/actionpack-4.1.8/lib/action_dispatch/middleware/templates/rescues/routing_error.html.erb within rescues/layout (32.4ms)


Started GET "/fonts/glyphicons-halflings-regular.ttf" for 127.0.0.1 at 2015-02-08 10:23:57 -0800

ActionController::RoutingError (No route matches [GET] "/fonts/glyphicons-halflings-regular.ttf"):
  actionpack (4.1.8) lib/action_dispatch/middleware/debug_exceptions.rb:21:in `call'
  actionpack (4.1.8) lib/action_dispatch/middleware/show_exceptions.rb:30:in `call'
  railties (4.1.8) lib/rails/rack/logger.rb:38:in `call_app'
  railties (4.1.8) lib/rails/rack/logger.rb:20:in `block in call'
  activesupport (4.1.8) lib/active_support/tagged_logging.rb:68:in `block in tagged'
  activesupport (4.1.8) lib/active_support/tagged_logging.rb:26:in `tagged'
  activesupport (4.1.8) lib/active_support/tagged_logging.rb:68:in `tagged'
  railties (4.1.8) lib/rails/rack/logger.rb:20:in `call'
  actionpack (4.1.8) lib/action_dispatch/middleware/request_id.rb:21:in `call'
  rack (1.5.2) lib/rack/methodoverride.rb:21:in `call'
  rack (1.5.2) lib/rack/runtime.rb:17:in `call'
  activesupport (4.1.8) lib/active_support/cache/strategy/local_cache_middleware.rb:26:in `call'
  rack (1.5.2) lib/rack/lock.rb:17:in `call'
  actionpack (4.1.8) lib/action_dispatch/middleware/static.rb:84:in `call'
  rack (1.5.2) lib/rack/sendfile.rb:112:in `call'
  railties (4.1.8) lib/rails/engine.rb:514:in `call'
  railties (4.1.8) lib/rails/application.rb:144:in `call'
  rack (1.5.2) lib/rack/lock.rb:17:in `call'
  rack (1.5.2) lib/rack/content_length.rb:14:in `call'
  rack (1.5.2) lib/rack/handler/webrick.rb:60:in `service'
  /Users/sw/.rbenv/versions/2.1.5/lib/ruby/2.1.0/webrick/httpserver.rb:138:in `service'
  /Users/sw/.rbenv/versions/2.1.5/lib/ruby/2.1.0/webrick/httpserver.rb:94:in `run'
  /Users/sw/.rbenv/versions/2.1.5/lib/ruby/2.1.0/webrick/server.rb:295:in `block in start_thread'


  Rendered /Users/sw/.rbenv/versions/2.1.5/lib/ruby/gems/2.1.0/gems/actionpack-4.1.8/lib/action_dispatch/middleware/templates/rescues/_trace.html.erb (5.5ms)
  Rendered /Users/sw/.rbenv/versions/2.1.5/lib/ruby/gems/2.1.0/gems/actionpack-4.1.8/lib/action_dispatch/middleware/templates/routes/_route.html.erb (1.5ms)
  Rendered /Users/sw/.rbenv/versions/2.1.5/lib/ruby/gems/2.1.0/gems/actionpack-4.1.8/lib/action_dispatch/middleware/templates/routes/_table.html.erb (2.1ms)
  Rendered /Users/sw/.rbenv/versions/2.1.5/lib/ruby/gems/2.1.0/gems/actionpack-4.1.8/lib/action_dispatch/middleware/templates/rescues/routing_error.html.erb within rescues/layout (34.0ms)


Started GET "/assets/map-pin.png" for 127.0.0.1 at 2015-02-08 10:24:02 -0800


Started GET "/map" for 127.0.0.1 at 2015-02-08 10:26:42 -0800
Processing by SitesController#map as HTML
  Rendered sites/map.html.erb within layouts/application (0.2ms)
Completed 200 OK in 1209ms (Views: 263.9ms | ActiveRecord: 0.0ms)


Started GET "/assets/agency.css" for 127.0.0.1 at 2015-02-08 10:26:43 -0800


Started GET "/assets/bootstrap.min.css?body=1" for 127.0.0.1 at 2015-02-08 10:26:43 -0800


Started GET "/assets/agency.css?body=1" for 127.0.0.1 at 2015-02-08 10:26:43 -0800


Started GET "/assets/sites.css?body=1" for 127.0.0.1 at 2015-02-08 10:26:43 -0800


Started GET "/assets/application.css?body=1" for 127.0.0.1 at 2015-02-08 10:26:43 -0800


Started GET "/assets/calculators.css?body=1" for 127.0.0.1 at 2015-02-08 10:26:43 -0800


Started GET "/assets/jquery.js?body=1" for 127.0.0.1 at 2015-02-08 10:26:43 -0800


Started GET "/assets/jquery_ujs.js?body=1" for 127.0.0.1 at 2015-02-08 10:26:43 -0800


Started GET "/assets/agency.js?body=1" for 127.0.0.1 at 2015-02-08 10:26:43 -0800


Started GET "/assets/underscore.js?body=1" for 127.0.0.1 at 2015-02-08 10:26:43 -0800


Started GET "/assets/gmaps/base.js?body=1" for 127.0.0.1 at 2015-02-08 10:26:43 -0800


Started GET "/assets/gmaps/objects/handler.js?body=1" for 127.0.0.1 at 2015-02-08 10:26:43 -0800


Started GET "/assets/gmaps/base/base.js?body=1" for 127.0.0.1 at 2015-02-08 10:26:43 -0800


Started GET "/assets/gmaps/objects/builder.js?body=1" for 127.0.0.1 at 2015-02-08 10:26:43 -0800


Started GET "/assets/gmaps/objects/base_builder.js?body=1" for 127.0.0.1 at 2015-02-08 10:26:43 -0800


Started GET "/assets/gmaps/objects/null_clusterer.js?body=1" for 127.0.0.1 at 2015-02-08 10:26:43 -0800


Started GET "/assets/gmaps/google/objects/common.js?body=1" for 127.0.0.1 at 2015-02-08 10:26:43 -0800


Started GET "/assets/gmaps/google/builders/bound.js?body=1" for 127.0.0.1 at 2015-02-08 10:26:43 -0800


Started GET "/assets/gmaps/google/builders/circle.js?body=1" for 127.0.0.1 at 2015-02-08 10:26:43 -0800


Started GET "/assets/gmaps/google/builders/clusterer.js?body=1" for 127.0.0.1 at 2015-02-08 10:26:43 -0800


Started GET "/assets/gmaps/google/builders/kml.js?body=1" for 127.0.0.1 at 2015-02-08 10:26:43 -0800


Started GET "/assets/gmaps/google/builders/map.js?body=1" for 127.0.0.1 at 2015-02-08 10:26:43 -0800


Started GET "/assets/gmaps/google/builders/marker.js?body=1" for 127.0.0.1 at 2015-02-08 10:26:43 -0800


Started GET "/assets/gmaps/google/builders/polygon.js?body=1" for 127.0.0.1 at 2015-02-08 10:26:43 -0800


Started GET "/assets/gmaps/google/builders/polyline.js?body=1" for 127.0.0.1 at 2015-02-08 10:26:43 -0800


Started GET "/assets/gmaps/google/objects/bound.js?body=1" for 127.0.0.1 at 2015-02-08 10:26:43 -0800


Started GET "/assets/gmaps/google/objects/circle.js?body=1" for 127.0.0.1 at 2015-02-08 10:26:43 -0800


Started GET "/assets/gmaps/google/objects/clusterer.js?body=1" for 127.0.0.1 at 2015-02-08 10:26:43 -0800


Started GET "/assets/gmaps/google/objects/kml.js?body=1" for 127.0.0.1 at 2015-02-08 10:26:43 -0800


Started GET "/assets/gmaps/google/objects/map.js?body=1" for 127.0.0.1 at 2015-02-08 10:26:43 -0800


Started GET "/assets/gmaps/google/objects/marker.js?body=1" for 127.0.0.1 at 2015-02-08 10:26:43 -0800


Started GET "/assets/gmaps/google/objects/polyline.js?body=1" for 127.0.0.1 at 2015-02-08 10:26:43 -0800


Started GET "/assets/gmaps/google/objects/polygon.js?body=1" for 127.0.0.1 at 2015-02-08 10:26:43 -0800


Started GET "/assets/gmaps/google/primitives.js?body=1" for 127.0.0.1 at 2015-02-08 10:26:43 -0800


Started GET "/assets/cbpAnimatedHeader.js?body=1" for 127.0.0.1 at 2015-02-08 10:26:43 -0800


Started GET "/assets/gmaps/google.js?body=1" for 127.0.0.1 at 2015-02-08 10:26:43 -0800


Started GET "/assets/classie.js?body=1" for 127.0.0.1 at 2015-02-08 10:26:43 -0800


Started GET "/assets/turbolinks.js?body=1" for 127.0.0.1 at 2015-02-08 10:26:43 -0800


Started GET "/assets/bootstrap.js?body=1" for 127.0.0.1 at 2015-02-08 10:26:43 -0800


Started GET "/assets/calculators.js?body=1" for 127.0.0.1 at 2015-02-08 10:26:43 -0800


Started GET "/assets/bootstrap.min.js?body=1" for 127.0.0.1 at 2015-02-08 10:26:43 -0800


Started GET "/assets/sites.js?body=1" for 127.0.0.1 at 2015-02-08 10:26:43 -0800


Started GET "/assets/cbpAnimatedHeader.min.js?body=1" for 127.0.0.1 at 2015-02-08 10:26:43 -0800


Started GET "/assets/site.js?body=1" for 127.0.0.1 at 2015-02-08 10:26:43 -0800


Started GET "/assets/application.js?body=1" for 127.0.0.1 at 2015-02-08 10:26:43 -0800


Started GET "/assets/jqBootstrapValidation.js?body=1" for 127.0.0.1 at 2015-02-08 10:26:43 -0800


Started GET "/fonts/glyphicons-halflings-regular.woff2" for 127.0.0.1 at 2015-02-08 10:26:44 -0800

ActionController::RoutingError (No route matches [GET] "/fonts/glyphicons-halflings-regular.woff2"):
  actionpack (4.1.8) lib/action_dispatch/middleware/debug_exceptions.rb:21:in `call'
  actionpack (4.1.8) lib/action_dispatch/middleware/show_exceptions.rb:30:in `call'
  railties (4.1.8) lib/rails/rack/logger.rb:38:in `call_app'
  railties (4.1.8) lib/rails/rack/logger.rb:20:in `block in call'
  activesupport (4.1.8) lib/active_support/tagged_logging.rb:68:in `block in tagged'
  activesupport (4.1.8) lib/active_support/tagged_logging.rb:26:in `tagged'
  activesupport (4.1.8) lib/active_support/tagged_logging.rb:68:in `tagged'
  railties (4.1.8) lib/rails/rack/logger.rb:20:in `call'
  actionpack (4.1.8) lib/action_dispatch/middleware/request_id.rb:21:in `call'
  rack (1.5.2) lib/rack/methodoverride.rb:21:in `call'
  rack (1.5.2) lib/rack/runtime.rb:17:in `call'
  activesupport (4.1.8) lib/active_support/cache/strategy/local_cache_middleware.rb:26:in `call'
  rack (1.5.2) lib/rack/lock.rb:17:in `call'
  actionpack (4.1.8) lib/action_dispatch/middleware/static.rb:84:in `call'
  rack (1.5.2) lib/rack/sendfile.rb:112:in `call'
  railties (4.1.8) lib/rails/engine.rb:514:in `call'
  railties (4.1.8) lib/rails/application.rb:144:in `call'
  rack (1.5.2) lib/rack/lock.rb:17:in `call'
  rack (1.5.2) lib/rack/content_length.rb:14:in `call'
  rack (1.5.2) lib/rack/handler/webrick.rb:60:in `service'
  /Users/sw/.rbenv/versions/2.1.5/lib/ruby/2.1.0/webrick/httpserver.rb:138:in `service'
  /Users/sw/.rbenv/versions/2.1.5/lib/ruby/2.1.0/webrick/httpserver.rb:94:in `run'
  /Users/sw/.rbenv/versions/2.1.5/lib/ruby/2.1.0/webrick/server.rb:295:in `block in start_thread'


  Rendered /Users/sw/.rbenv/versions/2.1.5/lib/ruby/gems/2.1.0/gems/actionpack-4.1.8/lib/action_dispatch/middleware/templates/rescues/_trace.html.erb (0.9ms)
  Rendered /Users/sw/.rbenv/versions/2.1.5/lib/ruby/gems/2.1.0/gems/actionpack-4.1.8/lib/action_dispatch/middleware/templates/routes/_route.html.erb (1.4ms)
  Rendered /Users/sw/.rbenv/versions/2.1.5/lib/ruby/gems/2.1.0/gems/actionpack-4.1.8/lib/action_dispatch/middleware/templates/routes/_table.html.erb (1.0ms)
  Rendered /Users/sw/.rbenv/versions/2.1.5/lib/ruby/gems/2.1.0/gems/actionpack-4.1.8/lib/action_dispatch/middleware/templates/rescues/routing_error.html.erb within rescues/layout (20.9ms)


Started GET "/fonts/glyphicons-halflings-regular.woff" for 127.0.0.1 at 2015-02-08 10:26:45 -0800

ActionController::RoutingError (No route matches [GET] "/fonts/glyphicons-halflings-regular.woff"):
  actionpack (4.1.8) lib/action_dispatch/middleware/debug_exceptions.rb:21:in `call'
  actionpack (4.1.8) lib/action_dispatch/middleware/show_exceptions.rb:30:in `call'
  railties (4.1.8) lib/rails/rack/logger.rb:38:in `call_app'
  railties (4.1.8) lib/rails/rack/logger.rb:20:in `block in call'
  activesupport (4.1.8) lib/active_support/tagged_logging.rb:68:in `block in tagged'
  activesupport (4.1.8) lib/active_support/tagged_logging.rb:26:in `tagged'
  activesupport (4.1.8) lib/active_support/tagged_logging.rb:68:in `tagged'
  railties (4.1.8) lib/rails/rack/logger.rb:20:in `call'
  actionpack (4.1.8) lib/action_dispatch/middleware/request_id.rb:21:in `call'
  rack (1.5.2) lib/rack/methodoverride.rb:21:in `call'
  rack (1.5.2) lib/rack/runtime.rb:17:in `call'
  activesupport (4.1.8) lib/active_support/cache/strategy/local_cache_middleware.rb:26:in `call'
  rack (1.5.2) lib/rack/lock.rb:17:in `call'
  actionpack (4.1.8) lib/action_dispatch/middleware/static.rb:84:in `call'
  rack (1.5.2) lib/rack/sendfile.rb:112:in `call'
  railties (4.1.8) lib/rails/engine.rb:514:in `call'
  railties (4.1.8) lib/rails/application.rb:144:in `call'
  rack (1.5.2) lib/rack/lock.rb:17:in `call'
  rack (1.5.2) lib/rack/content_length.rb:14:in `call'
  rack (1.5.2) lib/rack/handler/webrick.rb:60:in `service'
  /Users/sw/.rbenv/versions/2.1.5/lib/ruby/2.1.0/webrick/httpserver.rb:138:in `service'
  /Users/sw/.rbenv/versions/2.1.5/lib/ruby/2.1.0/webrick/httpserver.rb:94:in `run'
  /Users/sw/.rbenv/versions/2.1.5/lib/ruby/2.1.0/webrick/server.rb:295:in `block in start_thread'


  Rendered /Users/sw/.rbenv/versions/2.1.5/lib/ruby/gems/2.1.0/gems/actionpack-4.1.8/lib/action_dispatch/middleware/templates/rescues/_trace.html.erb (8.0ms)
  Rendered /Users/sw/.rbenv/versions/2.1.5/lib/ruby/gems/2.1.0/gems/actionpack-4.1.8/lib/action_dispatch/middleware/templates/routes/_route.html.erb (0.9ms)
  Rendered /Users/sw/.rbenv/versions/2.1.5/lib/ruby/gems/2.1.0/gems/actionpack-4.1.8/lib/action_dispatch/middleware/templates/routes/_table.html.erb (1.1ms)
  Rendered /Users/sw/.rbenv/versions/2.1.5/lib/ruby/gems/2.1.0/gems/actionpack-4.1.8/lib/action_dispatch/middleware/templates/rescues/routing_error.html.erb within rescues/layout (25.7ms)


Started GET "/fonts/glyphicons-halflings-regular.ttf" for 127.0.0.1 at 2015-02-08 10:26:45 -0800

ActionController::RoutingError (No route matches [GET] "/fonts/glyphicons-halflings-regular.ttf"):
  actionpack (4.1.8) lib/action_dispatch/middleware/debug_exceptions.rb:21:in `call'
  actionpack (4.1.8) lib/action_dispatch/middleware/show_exceptions.rb:30:in `call'
  railties (4.1.8) lib/rails/rack/logger.rb:38:in `call_app'
  railties (4.1.8) lib/rails/rack/logger.rb:20:in `block in call'
  activesupport (4.1.8) lib/active_support/tagged_logging.rb:68:in `block in tagged'
  activesupport (4.1.8) lib/active_support/tagged_logging.rb:26:in `tagged'
  activesupport (4.1.8) lib/active_support/tagged_logging.rb:68:in `tagged'
  railties (4.1.8) lib/rails/rack/logger.rb:20:in `call'
  actionpack (4.1.8) lib/action_dispatch/middleware/request_id.rb:21:in `call'
  rack (1.5.2) lib/rack/methodoverride.rb:21:in `call'
  rack (1.5.2) lib/rack/runtime.rb:17:in `call'
  activesupport (4.1.8) lib/active_support/cache/strategy/local_cache_middleware.rb:26:in `call'
  rack (1.5.2) lib/rack/lock.rb:17:in `call'
  actionpack (4.1.8) lib/action_dispatch/middleware/static.rb:84:in `call'
  rack (1.5.2) lib/rack/sendfile.rb:112:in `call'
  railties (4.1.8) lib/rails/engine.rb:514:in `call'
  railties (4.1.8) lib/rails/application.rb:144:in `call'
  rack (1.5.2) lib/rack/lock.rb:17:in `call'
  rack (1.5.2) lib/rack/content_length.rb:14:in `call'
  rack (1.5.2) lib/rack/handler/webrick.rb:60:in `service'
  /Users/sw/.rbenv/versions/2.1.5/lib/ruby/2.1.0/webrick/httpserver.rb:138:in `service'
  /Users/sw/.rbenv/versions/2.1.5/lib/ruby/2.1.0/webrick/httpserver.rb:94:in `run'
  /Users/sw/.rbenv/versions/2.1.5/lib/ruby/2.1.0/webrick/server.rb:295:in `block in start_thread'


  Rendered /Users/sw/.rbenv/versions/2.1.5/lib/ruby/gems/2.1.0/gems/actionpack-4.1.8/lib/action_dispatch/middleware/templates/rescues/_trace.html.erb (1.2ms)
  Rendered /Users/sw/.rbenv/versions/2.1.5/lib/ruby/gems/2.1.0/gems/actionpack-4.1.8/lib/action_dispatch/middleware/templates/routes/_route.html.erb (1.2ms)
  Rendered /Users/sw/.rbenv/versions/2.1.5/lib/ruby/gems/2.1.0/gems/actionpack-4.1.8/lib/action_dispatch/middleware/templates/routes/_table.html.erb (1.2ms)
  Rendered /Users/sw/.rbenv/versions/2.1.5/lib/ruby/gems/2.1.0/gems/actionpack-4.1.8/lib/action_dispatch/middleware/templates/rescues/routing_error.html.erb within rescues/layout (18.7ms)


Started GET "/assets/map-pin.png" for 127.0.0.1 at 2015-02-08 10:26:47 -0800


Started GET "/map" for 127.0.0.1 at 2015-02-08 10:31:42 -0800
Processing by SitesController#map as HTML
  Rendered sites/map.html.erb within layouts/application (1.2ms)
Completed 200 OK in 483ms (Views: 279.5ms | ActiveRecord: 0.0ms)


Started GET "/assets/agency.css" for 127.0.0.1 at 2015-02-08 10:31:43 -0800


Started GET "/assets/agency.css?body=1" for 127.0.0.1 at 2015-02-08 10:31:43 -0800


Started GET "/assets/bootstrap.min.css?body=1" for 127.0.0.1 at 2015-02-08 10:31:43 -0800


Started GET "/assets/application.css?body=1" for 127.0.0.1 at 2015-02-08 10:31:43 -0800


Started GET "/assets/calculators.css?body=1" for 127.0.0.1 at 2015-02-08 10:31:43 -0800


Started GET "/assets/sites.css?body=1" for 127.0.0.1 at 2015-02-08 10:31:43 -0800


Started GET "/assets/jquery.js?body=1" for 127.0.0.1 at 2015-02-08 10:31:43 -0800


Started GET "/assets/underscore.js?body=1" for 127.0.0.1 at 2015-02-08 10:31:43 -0800


Started GET "/assets/gmaps/base.js?body=1" for 127.0.0.1 at 2015-02-08 10:31:43 -0800


Started GET "/assets/agency.js?body=1" for 127.0.0.1 at 2015-02-08 10:31:43 -0800


Started GET "/assets/gmaps/base/base.js?body=1" for 127.0.0.1 at 2015-02-08 10:31:43 -0800


Started GET "/assets/gmaps/objects/builder.js?body=1" for 127.0.0.1 at 2015-02-08 10:31:43 -0800


Started GET "/assets/gmaps/objects/base_builder.js?body=1" for 127.0.0.1 at 2015-02-08 10:31:43 -0800


Started GET "/assets/jquery_ujs.js?body=1" for 127.0.0.1 at 2015-02-08 10:31:43 -0800


Started GET "/assets/gmaps/objects/null_clusterer.js?body=1" for 127.0.0.1 at 2015-02-08 10:31:43 -0800


Started GET "/assets/gmaps/objects/handler.js?body=1" for 127.0.0.1 at 2015-02-08 10:31:43 -0800


Started GET "/assets/gmaps/google/builders/bound.js?body=1" for 127.0.0.1 at 2015-02-08 10:31:43 -0800


Started GET "/assets/gmaps/google/builders/circle.js?body=1" for 127.0.0.1 at 2015-02-08 10:31:43 -0800


Started GET "/assets/gmaps/google/objects/common.js?body=1" for 127.0.0.1 at 2015-02-08 10:31:43 -0800


Started GET "/assets/gmaps/google/builders/clusterer.js?body=1" for 127.0.0.1 at 2015-02-08 10:31:43 -0800


Started GET "/assets/gmaps/google/builders/kml.js?body=1" for 127.0.0.1 at 2015-02-08 10:31:43 -0800


Started GET "/assets/gmaps/google/builders/map.js?body=1" for 127.0.0.1 at 2015-02-08 10:31:43 -0800


Started GET "/assets/gmaps/google/builders/marker.js?body=1" for 127.0.0.1 at 2015-02-08 10:31:43 -0800


Started GET "/assets/gmaps/google/builders/polygon.js?body=1" for 127.0.0.1 at 2015-02-08 10:31:43 -0800


Started GET "/assets/gmaps/google/builders/polyline.js?body=1" for 127.0.0.1 at 2015-02-08 10:31:43 -0800


Started GET "/assets/gmaps/google/objects/bound.js?body=1" for 127.0.0.1 at 2015-02-08 10:31:43 -0800


Started GET "/assets/gmaps/google/objects/circle.js?body=1" for 127.0.0.1 at 2015-02-08 10:31:43 -0800


Started GET "/assets/gmaps/google/objects/clusterer.js?body=1" for 127.0.0.1 at 2015-02-08 10:31:43 -0800


Started GET "/assets/gmaps/google/objects/kml.js?body=1" for 127.0.0.1 at 2015-02-08 10:31:43 -0800


Started GET "/assets/gmaps/google/objects/map.js?body=1" for 127.0.0.1 at 2015-02-08 10:31:43 -0800


Started GET "/assets/gmaps/google/objects/marker.js?body=1" for 127.0.0.1 at 2015-02-08 10:31:43 -0800


Started GET "/assets/gmaps/google/objects/polygon.js?body=1" for 127.0.0.1 at 2015-02-08 10:31:43 -0800


Started GET "/assets/gmaps/google/primitives.js?body=1" for 127.0.0.1 at 2015-02-08 10:31:43 -0800


Started GET "/assets/gmaps/google/objects/polyline.js?body=1" for 127.0.0.1 at 2015-02-08 10:31:43 -0800


Started GET "/assets/gmaps/google.js?body=1" for 127.0.0.1 at 2015-02-08 10:31:43 -0800


Started GET "/assets/classie.js?body=1" for 127.0.0.1 at 2015-02-08 10:31:43 -0800


Started GET "/assets/turbolinks.js?body=1" for 127.0.0.1 at 2015-02-08 10:31:43 -0800


Started GET "/assets/bootstrap.min.js?body=1" for 127.0.0.1 at 2015-02-08 10:31:43 -0800


Started GET "/assets/cbpAnimatedHeader.js?body=1" for 127.0.0.1 at 2015-02-08 10:31:43 -0800


Started GET "/assets/bootstrap.js?body=1" for 127.0.0.1 at 2015-02-08 10:31:43 -0800


Started GET "/assets/calculators.js?body=1" for 127.0.0.1 at 2015-02-08 10:31:43 -0800


Started GET "/assets/cbpAnimatedHeader.min.js?body=1" for 127.0.0.1 at 2015-02-08 10:31:43 -0800


Started GET "/assets/jqBootstrapValidation.js?body=1" for 127.0.0.1 at 2015-02-08 10:31:43 -0800


Started GET "/assets/site.js?body=1" for 127.0.0.1 at 2015-02-08 10:31:43 -0800


Started GET "/assets/sites.js?body=1" for 127.0.0.1 at 2015-02-08 10:31:43 -0800


Started GET "/assets/application.js?body=1" for 127.0.0.1 at 2015-02-08 10:31:43 -0800


Started GET "/fonts/glyphicons-halflings-regular.woff2" for 127.0.0.1 at 2015-02-08 10:31:44 -0800

ActionController::RoutingError (No route matches [GET] "/fonts/glyphicons-halflings-regular.woff2"):
  actionpack (4.1.8) lib/action_dispatch/middleware/debug_exceptions.rb:21:in `call'
  actionpack (4.1.8) lib/action_dispatch/middleware/show_exceptions.rb:30:in `call'
  railties (4.1.8) lib/rails/rack/logger.rb:38:in `call_app'
  railties (4.1.8) lib/rails/rack/logger.rb:20:in `block in call'
  activesupport (4.1.8) lib/active_support/tagged_logging.rb:68:in `block in tagged'
  activesupport (4.1.8) lib/active_support/tagged_logging.rb:26:in `tagged'
  activesupport (4.1.8) lib/active_support/tagged_logging.rb:68:in `tagged'
  railties (4.1.8) lib/rails/rack/logger.rb:20:in `call'
  actionpack (4.1.8) lib/action_dispatch/middleware/request_id.rb:21:in `call'
  rack (1.5.2) lib/rack/methodoverride.rb:21:in `call'
  rack (1.5.2) lib/rack/runtime.rb:17:in `call'
  activesupport (4.1.8) lib/active_support/cache/strategy/local_cache_middleware.rb:26:in `call'
  rack (1.5.2) lib/rack/lock.rb:17:in `call'
  actionpack (4.1.8) lib/action_dispatch/middleware/static.rb:84:in `call'
  rack (1.5.2) lib/rack/sendfile.rb:112:in `call'
  railties (4.1.8) lib/rails/engine.rb:514:in `call'
  railties (4.1.8) lib/rails/application.rb:144:in `call'
  rack (1.5.2) lib/rack/lock.rb:17:in `call'
  rack (1.5.2) lib/rack/content_length.rb:14:in `call'
  rack (1.5.2) lib/rack/handler/webrick.rb:60:in `service'
  /Users/sw/.rbenv/versions/2.1.5/lib/ruby/2.1.0/webrick/httpserver.rb:138:in `service'
  /Users/sw/.rbenv/versions/2.1.5/lib/ruby/2.1.0/webrick/httpserver.rb:94:in `run'
  /Users/sw/.rbenv/versions/2.1.5/lib/ruby/2.1.0/webrick/server.rb:295:in `block in start_thread'


  Rendered /Users/sw/.rbenv/versions/2.1.5/lib/ruby/gems/2.1.0/gems/actionpack-4.1.8/lib/action_dispatch/middleware/templates/rescues/_trace.html.erb (2.0ms)
  Rendered /Users/sw/.rbenv/versions/2.1.5/lib/ruby/gems/2.1.0/gems/actionpack-4.1.8/lib/action_dispatch/middleware/templates/routes/_route.html.erb (1.6ms)
  Rendered /Users/sw/.rbenv/versions/2.1.5/lib/ruby/gems/2.1.0/gems/actionpack-4.1.8/lib/action_dispatch/middleware/templates/routes/_table.html.erb (1.6ms)
  Rendered /Users/sw/.rbenv/versions/2.1.5/lib/ruby/gems/2.1.0/gems/actionpack-4.1.8/lib/action_dispatch/middleware/templates/rescues/routing_error.html.erb within rescues/layout (27.7ms)


Started GET "/fonts/glyphicons-halflings-regular.woff" for 127.0.0.1 at 2015-02-08 10:31:44 -0800

ActionController::RoutingError (No route matches [GET] "/fonts/glyphicons-halflings-regular.woff"):
  actionpack (4.1.8) lib/action_dispatch/middleware/debug_exceptions.rb:21:in `call'
  actionpack (4.1.8) lib/action_dispatch/middleware/show_exceptions.rb:30:in `call'
  railties (4.1.8) lib/rails/rack/logger.rb:38:in `call_app'
  railties (4.1.8) lib/rails/rack/logger.rb:20:in `block in call'
  activesupport (4.1.8) lib/active_support/tagged_logging.rb:68:in `block in tagged'
  activesupport (4.1.8) lib/active_support/tagged_logging.rb:26:in `tagged'
  activesupport (4.1.8) lib/active_support/tagged_logging.rb:68:in `tagged'
  railties (4.1.8) lib/rails/rack/logger.rb:20:in `call'
  actionpack (4.1.8) lib/action_dispatch/middleware/request_id.rb:21:in `call'
  rack (1.5.2) lib/rack/methodoverride.rb:21:in `call'
  rack (1.5.2) lib/rack/runtime.rb:17:in `call'
  activesupport (4.1.8) lib/active_support/cache/strategy/local_cache_middleware.rb:26:in `call'
  rack (1.5.2) lib/rack/lock.rb:17:in `call'
  actionpack (4.1.8) lib/action_dispatch/middleware/static.rb:84:in `call'
  rack (1.5.2) lib/rack/sendfile.rb:112:in `call'
  railties (4.1.8) lib/rails/engine.rb:514:in `call'
  railties (4.1.8) lib/rails/application.rb:144:in `call'
  rack (1.5.2) lib/rack/lock.rb:17:in `call'
  rack (1.5.2) lib/rack/content_length.rb:14:in `call'
  rack (1.5.2) lib/rack/handler/webrick.rb:60:in `service'
  /Users/sw/.rbenv/versions/2.1.5/lib/ruby/2.1.0/webrick/httpserver.rb:138:in `service'
  /Users/sw/.rbenv/versions/2.1.5/lib/ruby/2.1.0/webrick/httpserver.rb:94:in `run'
  /Users/sw/.rbenv/versions/2.1.5/lib/ruby/2.1.0/webrick/server.rb:295:in `block in start_thread'


  Rendered /Users/sw/.rbenv/versions/2.1.5/lib/ruby/gems/2.1.0/gems/actionpack-4.1.8/lib/action_dispatch/middleware/templates/rescues/_trace.html.erb (1.6ms)
  Rendered /Users/sw/.rbenv/versions/2.1.5/lib/ruby/gems/2.1.0/gems/actionpack-4.1.8/lib/action_dispatch/middleware/templates/routes/_route.html.erb (1.1ms)
  Rendered /Users/sw/.rbenv/versions/2.1.5/lib/ruby/gems/2.1.0/gems/actionpack-4.1.8/lib/action_dispatch/middleware/templates/routes/_table.html.erb (1.5ms)
  Rendered /Users/sw/.rbenv/versions/2.1.5/lib/ruby/gems/2.1.0/gems/actionpack-4.1.8/lib/action_dispatch/middleware/templates/rescues/routing_error.html.erb within rescues/layout (26.6ms)


Started GET "/fonts/glyphicons-halflings-regular.ttf" for 127.0.0.1 at 2015-02-08 10:31:44 -0800

ActionController::RoutingError (No route matches [GET] "/fonts/glyphicons-halflings-regular.ttf"):
  actionpack (4.1.8) lib/action_dispatch/middleware/debug_exceptions.rb:21:in `call'
  actionpack (4.1.8) lib/action_dispatch/middleware/show_exceptions.rb:30:in `call'
  railties (4.1.8) lib/rails/rack/logger.rb:38:in `call_app'
  railties (4.1.8) lib/rails/rack/logger.rb:20:in `block in call'
  activesupport (4.1.8) lib/active_support/tagged_logging.rb:68:in `block in tagged'
  activesupport (4.1.8) lib/active_support/tagged_logging.rb:26:in `tagged'
  activesupport (4.1.8) lib/active_support/tagged_logging.rb:68:in `tagged'
  railties (4.1.8) lib/rails/rack/logger.rb:20:in `call'
  actionpack (4.1.8) lib/action_dispatch/middleware/request_id.rb:21:in `call'
  rack (1.5.2) lib/rack/methodoverride.rb:21:in `call'
  rack (1.5.2) lib/rack/runtime.rb:17:in `call'
  activesupport (4.1.8) lib/active_support/cache/strategy/local_cache_middleware.rb:26:in `call'
  rack (1.5.2) lib/rack/lock.rb:17:in `call'
  actionpack (4.1.8) lib/action_dispatch/middleware/static.rb:84:in `call'
  rack (1.5.2) lib/rack/sendfile.rb:112:in `call'
  railties (4.1.8) lib/rails/engine.rb:514:in `call'
  railties (4.1.8) lib/rails/application.rb:144:in `call'
  rack (1.5.2) lib/rack/lock.rb:17:in `call'
  rack (1.5.2) lib/rack/content_length.rb:14:in `call'
  rack (1.5.2) lib/rack/handler/webrick.rb:60:in `service'
  /Users/sw/.rbenv/versions/2.1.5/lib/ruby/2.1.0/webrick/httpserver.rb:138:in `service'
  /Users/sw/.rbenv/versions/2.1.5/lib/ruby/2.1.0/webrick/httpserver.rb:94:in `run'
  /Users/sw/.rbenv/versions/2.1.5/lib/ruby/2.1.0/webrick/server.rb:295:in `block in start_thread'


  Rendered /Users/sw/.rbenv/versions/2.1.5/lib/ruby/gems/2.1.0/gems/actionpack-4.1.8/lib/action_dispatch/middleware/templates/rescues/_trace.html.erb (1.5ms)
  Rendered /Users/sw/.rbenv/versions/2.1.5/lib/ruby/gems/2.1.0/gems/actionpack-4.1.8/lib/action_dispatch/middleware/templates/routes/_route.html.erb (1.1ms)
  Rendered /Users/sw/.rbenv/versions/2.1.5/lib/ruby/gems/2.1.0/gems/actionpack-4.1.8/lib/action_dispatch/middleware/templates/routes/_table.html.erb (1.8ms)
  Rendered /Users/sw/.rbenv/versions/2.1.5/lib/ruby/gems/2.1.0/gems/actionpack-4.1.8/lib/action_dispatch/middleware/templates/rescues/routing_error.html.erb within rescues/layout (33.7ms)


Started GET "/assets/map-pin-sm.png" for 127.0.0.1 at 2015-02-08 10:31:45 -0800


Started GET "/map?_address=407+N+44th+St%2C+Seattle%2C+WA+98103" for 127.0.0.1 at 2015-02-08 10:32:04 -0800
Processing by SitesController#map as HTML
  Parameters: {"_address"=>"407 N 44th St, Seattle, WA 98103"}
  Rendered sites/map.html.erb within layouts/application (0.2ms)
Completed 200 OK in 412ms (Views: 234.9ms | ActiveRecord: 0.0ms)


Started GET "/assets/agency.css" for 127.0.0.1 at 2015-02-08 10:32:05 -0800


Started GET "/assets/agency.css?body=1" for 127.0.0.1 at 2015-02-08 10:32:05 -0800


Started GET "/assets/calculators.css?body=1" for 127.0.0.1 at 2015-02-08 10:32:05 -0800


Started GET "/assets/sites.css?body=1" for 127.0.0.1 at 2015-02-08 10:32:05 -0800


Started GET "/assets/application.css?body=1" for 127.0.0.1 at 2015-02-08 10:32:05 -0800


Started GET "/assets/jquery.js?body=1" for 127.0.0.1 at 2015-02-08 10:32:05 -0800


Started GET "/assets/bootstrap.min.css?body=1" for 127.0.0.1 at 2015-02-08 10:32:05 -0800


Started GET "/assets/jquery_ujs.js?body=1" for 127.0.0.1 at 2015-02-08 10:32:05 -0800


Started GET "/assets/agency.js?body=1" for 127.0.0.1 at 2015-02-08 10:32:05 -0800


Started GET "/assets/underscore.js?body=1" for 127.0.0.1 at 2015-02-08 10:32:05 -0800


Started GET "/assets/gmaps/base.js?body=1" for 127.0.0.1 at 2015-02-08 10:32:05 -0800


Started GET "/assets/gmaps/base/base.js?body=1" for 127.0.0.1 at 2015-02-08 10:32:05 -0800


Started GET "/assets/gmaps/objects/base_builder.js?body=1" for 127.0.0.1 at 2015-02-08 10:32:05 -0800


Started GET "/assets/gmaps/objects/builder.js?body=1" for 127.0.0.1 at 2015-02-08 10:32:05 -0800


Started GET "/assets/gmaps/objects/handler.js?body=1" for 127.0.0.1 at 2015-02-08 10:32:05 -0800


Started GET "/assets/gmaps/google/objects/common.js?body=1" for 127.0.0.1 at 2015-02-08 10:32:05 -0800


Started GET "/assets/gmaps/objects/null_clusterer.js?body=1" for 127.0.0.1 at 2015-02-08 10:32:05 -0800


Started GET "/assets/gmaps/google/builders/bound.js?body=1" for 127.0.0.1 at 2015-02-08 10:32:05 -0800


Started GET "/assets/gmaps/google/builders/circle.js?body=1" for 127.0.0.1 at 2015-02-08 10:32:05 -0800


Started GET "/assets/gmaps/google/builders/clusterer.js?body=1" for 127.0.0.1 at 2015-02-08 10:32:05 -0800


Started GET "/assets/gmaps/google/builders/kml.js?body=1" for 127.0.0.1 at 2015-02-08 10:32:05 -0800


Started GET "/assets/gmaps/google/builders/map.js?body=1" for 127.0.0.1 at 2015-02-08 10:32:05 -0800


Started GET "/assets/gmaps/google/builders/marker.js?body=1" for 127.0.0.1 at 2015-02-08 10:32:05 -0800


Started GET "/assets/gmaps/google/builders/polyline.js?body=1" for 127.0.0.1 at 2015-02-08 10:32:05 -0800


Started GET "/assets/gmaps/google/objects/bound.js?body=1" for 127.0.0.1 at 2015-02-08 10:32:05 -0800


Started GET "/assets/gmaps/google/builders/polygon.js?body=1" for 127.0.0.1 at 2015-02-08 10:32:05 -0800


Started GET "/assets/gmaps/google/objects/kml.js?body=1" for 127.0.0.1 at 2015-02-08 10:32:05 -0800


Started GET "/assets/gmaps/google/objects/circle.js?body=1" for 127.0.0.1 at 2015-02-08 10:32:05 -0800


Started GET "/assets/gmaps/google/objects/clusterer.js?body=1" for 127.0.0.1 at 2015-02-08 10:32:05 -0800


Started GET "/assets/gmaps/google/objects/polygon.js?body=1" for 127.0.0.1 at 2015-02-08 10:32:05 -0800


Started GET "/assets/gmaps/google/objects/polyline.js?body=1" for 127.0.0.1 at 2015-02-08 10:32:05 -0800


Started GET "/assets/gmaps/google/objects/marker.js?body=1" for 127.0.0.1 at 2015-02-08 10:32:05 -0800


Started GET "/assets/gmaps/google/objects/map.js?body=1" for 127.0.0.1 at 2015-02-08 10:32:05 -0800


Started GET "/assets/gmaps/google/primitives.js?body=1" for 127.0.0.1 at 2015-02-08 10:32:05 -0800


Started GET "/assets/gmaps/google.js?body=1" for 127.0.0.1 at 2015-02-08 10:32:05 -0800


Started GET "/assets/cbpAnimatedHeader.js?body=1" for 127.0.0.1 at 2015-02-08 10:32:05 -0800


Started GET "/assets/turbolinks.js?body=1" for 127.0.0.1 at 2015-02-08 10:32:05 -0800


Started GET "/assets/classie.js?body=1" for 127.0.0.1 at 2015-02-08 10:32:05 -0800


Started GET "/assets/bootstrap.min.js?body=1" for 127.0.0.1 at 2015-02-08 10:32:05 -0800


Started GET "/assets/bootstrap.js?body=1" for 127.0.0.1 at 2015-02-08 10:32:05 -0800


Started GET "/assets/cbpAnimatedHeader.min.js?body=1" for 127.0.0.1 at 2015-02-08 10:32:05 -0800


Started GET "/assets/calculators.js?body=1" for 127.0.0.1 at 2015-02-08 10:32:05 -0800


Started GET "/assets/jqBootstrapValidation.js?body=1" for 127.0.0.1 at 2015-02-08 10:32:05 -0800


Started GET "/assets/sites.js?body=1" for 127.0.0.1 at 2015-02-08 10:32:05 -0800


Started GET "/assets/site.js?body=1" for 127.0.0.1 at 2015-02-08 10:32:05 -0800


Started GET "/assets/application.js?body=1" for 127.0.0.1 at 2015-02-08 10:32:05 -0800


Started GET "/fonts/glyphicons-halflings-regular.woff2" for 127.0.0.1 at 2015-02-08 10:32:05 -0800

ActionController::RoutingError (No route matches [GET] "/fonts/glyphicons-halflings-regular.woff2"):
  actionpack (4.1.8) lib/action_dispatch/middleware/debug_exceptions.rb:21:in `call'
  actionpack (4.1.8) lib/action_dispatch/middleware/show_exceptions.rb:30:in `call'
  railties (4.1.8) lib/rails/rack/logger.rb:38:in `call_app'
  railties (4.1.8) lib/rails/rack/logger.rb:20:in `block in call'
  activesupport (4.1.8) lib/active_support/tagged_logging.rb:68:in `block in tagged'
  activesupport (4.1.8) lib/active_support/tagged_logging.rb:26:in `tagged'
  activesupport (4.1.8) lib/active_support/tagged_logging.rb:68:in `tagged'
  railties (4.1.8) lib/rails/rack/logger.rb:20:in `call'
  actionpack (4.1.8) lib/action_dispatch/middleware/request_id.rb:21:in `call'
  rack (1.5.2) lib/rack/methodoverride.rb:21:in `call'
  rack (1.5.2) lib/rack/runtime.rb:17:in `call'
  activesupport (4.1.8) lib/active_support/cache/strategy/local_cache_middleware.rb:26:in `call'
  rack (1.5.2) lib/rack/lock.rb:17:in `call'
  actionpack (4.1.8) lib/action_dispatch/middleware/static.rb:84:in `call'
  rack (1.5.2) lib/rack/sendfile.rb:112:in `call'
  railties (4.1.8) lib/rails/engine.rb:514:in `call'
  railties (4.1.8) lib/rails/application.rb:144:in `call'
  rack (1.5.2) lib/rack/lock.rb:17:in `call'
  rack (1.5.2) lib/rack/content_length.rb:14:in `call'
  rack (1.5.2) lib/rack/handler/webrick.rb:60:in `service'
  /Users/sw/.rbenv/versions/2.1.5/lib/ruby/2.1.0/webrick/httpserver.rb:138:in `service'
  /Users/sw/.rbenv/versions/2.1.5/lib/ruby/2.1.0/webrick/httpserver.rb:94:in `run'
  /Users/sw/.rbenv/versions/2.1.5/lib/ruby/2.1.0/webrick/server.rb:295:in `block in start_thread'


  Rendered /Users/sw/.rbenv/versions/2.1.5/lib/ruby/gems/2.1.0/gems/actionpack-4.1.8/lib/action_dispatch/middleware/templates/rescues/_trace.html.erb (1.8ms)
  Rendered /Users/sw/.rbenv/versions/2.1.5/lib/ruby/gems/2.1.0/gems/actionpack-4.1.8/lib/action_dispatch/middleware/templates/routes/_route.html.erb (1.5ms)
  Rendered /Users/sw/.rbenv/versions/2.1.5/lib/ruby/gems/2.1.0/gems/actionpack-4.1.8/lib/action_dispatch/middleware/templates/routes/_table.html.erb (2.2ms)
  Rendered /Users/sw/.rbenv/versions/2.1.5/lib/ruby/gems/2.1.0/gems/actionpack-4.1.8/lib/action_dispatch/middleware/templates/rescues/routing_error.html.erb within rescues/layout (29.1ms)


Started GET "/fonts/glyphicons-halflings-regular.woff" for 127.0.0.1 at 2015-02-08 10:32:06 -0800

ActionController::RoutingError (No route matches [GET] "/fonts/glyphicons-halflings-regular.woff"):
  actionpack (4.1.8) lib/action_dispatch/middleware/debug_exceptions.rb:21:in `call'
  actionpack (4.1.8) lib/action_dispatch/middleware/show_exceptions.rb:30:in `call'
  railties (4.1.8) lib/rails/rack/logger.rb:38:in `call_app'
  railties (4.1.8) lib/rails/rack/logger.rb:20:in `block in call'
  activesupport (4.1.8) lib/active_support/tagged_logging.rb:68:in `block in tagged'
  activesupport (4.1.8) lib/active_support/tagged_logging.rb:26:in `tagged'
  activesupport (4.1.8) lib/active_support/tagged_logging.rb:68:in `tagged'
  railties (4.1.8) lib/rails/rack/logger.rb:20:in `call'
  actionpack (4.1.8) lib/action_dispatch/middleware/request_id.rb:21:in `call'
  rack (1.5.2) lib/rack/methodoverride.rb:21:in `call'
  rack (1.5.2) lib/rack/runtime.rb:17:in `call'
  activesupport (4.1.8) lib/active_support/cache/strategy/local_cache_middleware.rb:26:in `call'
  rack (1.5.2) lib/rack/lock.rb:17:in `call'
  actionpack (4.1.8) lib/action_dispatch/middleware/static.rb:84:in `call'
  rack (1.5.2) lib/rack/sendfile.rb:112:in `call'
  railties (4.1.8) lib/rails/engine.rb:514:in `call'
  railties (4.1.8) lib/rails/application.rb:144:in `call'
  rack (1.5.2) lib/rack/lock.rb:17:in `call'
  rack (1.5.2) lib/rack/content_length.rb:14:in `call'
  rack (1.5.2) lib/rack/handler/webrick.rb:60:in `service'
  /Users/sw/.rbenv/versions/2.1.5/lib/ruby/2.1.0/webrick/httpserver.rb:138:in `service'
  /Users/sw/.rbenv/versions/2.1.5/lib/ruby/2.1.0/webrick/httpserver.rb:94:in `run'
  /Users/sw/.rbenv/versions/2.1.5/lib/ruby/2.1.0/webrick/server.rb:295:in `block in start_thread'


  Rendered /Users/sw/.rbenv/versions/2.1.5/lib/ruby/gems/2.1.0/gems/actionpack-4.1.8/lib/action_dispatch/middleware/templates/rescues/_trace.html.erb (1.7ms)
  Rendered /Users/sw/.rbenv/versions/2.1.5/lib/ruby/gems/2.1.0/gems/actionpack-4.1.8/lib/action_dispatch/middleware/templates/routes/_route.html.erb (1.3ms)
  Rendered /Users/sw/.rbenv/versions/2.1.5/lib/ruby/gems/2.1.0/gems/actionpack-4.1.8/lib/action_dispatch/middleware/templates/routes/_table.html.erb (1.7ms)
  Rendered /Users/sw/.rbenv/versions/2.1.5/lib/ruby/gems/2.1.0/gems/actionpack-4.1.8/lib/action_dispatch/middleware/templates/rescues/routing_error.html.erb within rescues/layout (31.0ms)


Started GET "/fonts/glyphicons-halflings-regular.ttf" for 127.0.0.1 at 2015-02-08 10:32:06 -0800

ActionController::RoutingError (No route matches [GET] "/fonts/glyphicons-halflings-regular.ttf"):
  actionpack (4.1.8) lib/action_dispatch/middleware/debug_exceptions.rb:21:in `call'
  actionpack (4.1.8) lib/action_dispatch/middleware/show_exceptions.rb:30:in `call'
  railties (4.1.8) lib/rails/rack/logger.rb:38:in `call_app'
  railties (4.1.8) lib/rails/rack/logger.rb:20:in `block in call'
  activesupport (4.1.8) lib/active_support/tagged_logging.rb:68:in `block in tagged'
  activesupport (4.1.8) lib/active_support/tagged_logging.rb:26:in `tagged'
  activesupport (4.1.8) lib/active_support/tagged_logging.rb:68:in `tagged'
  railties (4.1.8) lib/rails/rack/logger.rb:20:in `call'
  actionpack (4.1.8) lib/action_dispatch/middleware/request_id.rb:21:in `call'
  rack (1.5.2) lib/rack/methodoverride.rb:21:in `call'
  rack (1.5.2) lib/rack/runtime.rb:17:in `call'
  activesupport (4.1.8) lib/active_support/cache/strategy/local_cache_middleware.rb:26:in `call'
  rack (1.5.2) lib/rack/lock.rb:17:in `call'
  actionpack (4.1.8) lib/action_dispatch/middleware/static.rb:84:in `call'
  rack (1.5.2) lib/rack/sendfile.rb:112:in `call'
  railties (4.1.8) lib/rails/engine.rb:514:in `call'
  railties (4.1.8) lib/rails/application.rb:144:in `call'
  rack (1.5.2) lib/rack/lock.rb:17:in `call'
  rack (1.5.2) lib/rack/content_length.rb:14:in `call'
  rack (1.5.2) lib/rack/handler/webrick.rb:60:in `service'
  /Users/sw/.rbenv/versions/2.1.5/lib/ruby/2.1.0/webrick/httpserver.rb:138:in `service'
  /Users/sw/.rbenv/versions/2.1.5/lib/ruby/2.1.0/webrick/httpserver.rb:94:in `run'
  /Users/sw/.rbenv/versions/2.1.5/lib/ruby/2.1.0/webrick/server.rb:295:in `block in start_thread'


  Rendered /Users/sw/.rbenv/versions/2.1.5/lib/ruby/gems/2.1.0/gems/actionpack-4.1.8/lib/action_dispatch/middleware/templates/rescues/_trace.html.erb (0.9ms)
  Rendered /Users/sw/.rbenv/versions/2.1.5/lib/ruby/gems/2.1.0/gems/actionpack-4.1.8/lib/action_dispatch/middleware/templates/routes/_route.html.erb (1.8ms)
  Rendered /Users/sw/.rbenv/versions/2.1.5/lib/ruby/gems/2.1.0/gems/actionpack-4.1.8/lib/action_dispatch/middleware/templates/routes/_table.html.erb (3.2ms)
  Rendered /Users/sw/.rbenv/versions/2.1.5/lib/ruby/gems/2.1.0/gems/actionpack-4.1.8/lib/action_dispatch/middleware/templates/rescues/routing_error.html.erb within rescues/layout (27.0ms)


Started GET "/assets/map-pin-sm.png" for 127.0.0.1 at 2015-02-08 10:32:07 -0800


Started GET "/map?_address=407+N+44th+St%2C+Seattle%2C+WA+98103" for 127.0.0.1 at 2015-02-08 10:32:30 -0800
Processing by SitesController#map as HTML
  Parameters: {"_address"=>"407 N 44th St, Seattle, WA 98103"}
  Rendered sites/map.html.erb within layouts/application (0.2ms)
Completed 200 OK in 577ms (Views: 237.0ms | ActiveRecord: 0.0ms)


Started GET "/assets/agency.css?body=1" for 127.0.0.1 at 2015-02-08 10:32:30 -0800


Started GET "/assets/bootstrap.min.css?body=1" for 127.0.0.1 at 2015-02-08 10:32:30 -0800


Started GET "/assets/calculators.css?body=1" for 127.0.0.1 at 2015-02-08 10:32:30 -0800


Started GET "/assets/application.css?body=1" for 127.0.0.1 at 2015-02-08 10:32:30 -0800


Started GET "/assets/sites.css?body=1" for 127.0.0.1 at 2015-02-08 10:32:30 -0800


Started GET "/assets/agency.css" for 127.0.0.1 at 2015-02-08 10:32:30 -0800


Started GET "/assets/jquery.js?body=1" for 127.0.0.1 at 2015-02-08 10:32:30 -0800


Started GET "/assets/jquery_ujs.js?body=1" for 127.0.0.1 at 2015-02-08 10:32:30 -0800


Started GET "/assets/underscore.js?body=1" for 127.0.0.1 at 2015-02-08 10:32:30 -0800


Started GET "/assets/agency.js?body=1" for 127.0.0.1 at 2015-02-08 10:32:30 -0800


Started GET "/assets/gmaps/base.js?body=1" for 127.0.0.1 at 2015-02-08 10:32:30 -0800


Started GET "/assets/gmaps/base/base.js?body=1" for 127.0.0.1 at 2015-02-08 10:32:30 -0800


Started GET "/assets/gmaps/objects/base_builder.js?body=1" for 127.0.0.1 at 2015-02-08 10:32:30 -0800


Started GET "/assets/gmaps/objects/builder.js?body=1" for 127.0.0.1 at 2015-02-08 10:32:30 -0800


Started GET "/assets/gmaps/objects/handler.js?body=1" for 127.0.0.1 at 2015-02-08 10:32:30 -0800


Started GET "/assets/gmaps/objects/null_clusterer.js?body=1" for 127.0.0.1 at 2015-02-08 10:32:31 -0800


Started GET "/assets/gmaps/google/builders/circle.js?body=1" for 127.0.0.1 at 2015-02-08 10:32:31 -0800


Started GET "/assets/gmaps/google/builders/bound.js?body=1" for 127.0.0.1 at 2015-02-08 10:32:31 -0800


Started GET "/assets/gmaps/google/objects/common.js?body=1" for 127.0.0.1 at 2015-02-08 10:32:31 -0800


Started GET "/assets/gmaps/google/builders/clusterer.js?body=1" for 127.0.0.1 at 2015-02-08 10:32:31 -0800


Started GET "/assets/gmaps/google/builders/kml.js?body=1" for 127.0.0.1 at 2015-02-08 10:32:31 -0800


Started GET "/assets/gmaps/google/builders/map.js?body=1" for 127.0.0.1 at 2015-02-08 10:32:31 -0800


Started GET "/assets/gmaps/google/builders/marker.js?body=1" for 127.0.0.1 at 2015-02-08 10:32:31 -0800


Started GET "/assets/gmaps/google/builders/polygon.js?body=1" for 127.0.0.1 at 2015-02-08 10:32:31 -0800


Started GET "/assets/gmaps/google/builders/polyline.js?body=1" for 127.0.0.1 at 2015-02-08 10:32:31 -0800


Started GET "/assets/gmaps/google/objects/bound.js?body=1" for 127.0.0.1 at 2015-02-08 10:32:31 -0800


Started GET "/assets/gmaps/google/objects/clusterer.js?body=1" for 127.0.0.1 at 2015-02-08 10:32:31 -0800


Started GET "/assets/gmaps/google/objects/circle.js?body=1" for 127.0.0.1 at 2015-02-08 10:32:31 -0800


Started GET "/assets/gmaps/google/objects/kml.js?body=1" for 127.0.0.1 at 2015-02-08 10:32:31 -0800


Started GET "/assets/gmaps/google/objects/map.js?body=1" for 127.0.0.1 at 2015-02-08 10:32:31 -0800


Started GET "/assets/gmaps/google/objects/marker.js?body=1" for 127.0.0.1 at 2015-02-08 10:32:31 -0800


Started GET "/assets/gmaps/google/objects/polygon.js?body=1" for 127.0.0.1 at 2015-02-08 10:32:31 -0800


Started GET "/assets/gmaps/google/objects/polyline.js?body=1" for 127.0.0.1 at 2015-02-08 10:32:31 -0800


Started GET "/assets/gmaps/google.js?body=1" for 127.0.0.1 at 2015-02-08 10:32:31 -0800


Started GET "/assets/cbpAnimatedHeader.js?body=1" for 127.0.0.1 at 2015-02-08 10:32:31 -0800


Started GET "/assets/gmaps/google/primitives.js?body=1" for 127.0.0.1 at 2015-02-08 10:32:31 -0800


Started GET "/assets/classie.js?body=1" for 127.0.0.1 at 2015-02-08 10:32:31 -0800


Started GET "/assets/turbolinks.js?body=1" for 127.0.0.1 at 2015-02-08 10:32:31 -0800


Started GET "/assets/bootstrap.js?body=1" for 127.0.0.1 at 2015-02-08 10:32:31 -0800


Started GET "/assets/bootstrap.min.js?body=1" for 127.0.0.1 at 2015-02-08 10:32:31 -0800


Started GET "/assets/cbpAnimatedHeader.min.js?body=1" for 127.0.0.1 at 2015-02-08 10:32:31 -0800


Started GET "/assets/jqBootstrapValidation.js?body=1" for 127.0.0.1 at 2015-02-08 10:32:31 -0800


Started GET "/assets/calculators.js?body=1" for 127.0.0.1 at 2015-02-08 10:32:31 -0800


Started GET "/assets/site.js?body=1" for 127.0.0.1 at 2015-02-08 10:32:31 -0800


Started GET "/assets/sites.js?body=1" for 127.0.0.1 at 2015-02-08 10:32:31 -0800


Started GET "/assets/application.js?body=1" for 127.0.0.1 at 2015-02-08 10:32:31 -0800


Started GET "/fonts/glyphicons-halflings-regular.woff2" for 127.0.0.1 at 2015-02-08 10:32:31 -0800

ActionController::RoutingError (No route matches [GET] "/fonts/glyphicons-halflings-regular.woff2"):
  actionpack (4.1.8) lib/action_dispatch/middleware/debug_exceptions.rb:21:in `call'
  actionpack (4.1.8) lib/action_dispatch/middleware/show_exceptions.rb:30:in `call'
  railties (4.1.8) lib/rails/rack/logger.rb:38:in `call_app'
  railties (4.1.8) lib/rails/rack/logger.rb:20:in `block in call'
  activesupport (4.1.8) lib/active_support/tagged_logging.rb:68:in `block in tagged'
  activesupport (4.1.8) lib/active_support/tagged_logging.rb:26:in `tagged'
  activesupport (4.1.8) lib/active_support/tagged_logging.rb:68:in `tagged'
  railties (4.1.8) lib/rails/rack/logger.rb:20:in `call'
  actionpack (4.1.8) lib/action_dispatch/middleware/request_id.rb:21:in `call'
  rack (1.5.2) lib/rack/methodoverride.rb:21:in `call'
  rack (1.5.2) lib/rack/runtime.rb:17:in `call'
  activesupport (4.1.8) lib/active_support/cache/strategy/local_cache_middleware.rb:26:in `call'
  rack (1.5.2) lib/rack/lock.rb:17:in `call'
  actionpack (4.1.8) lib/action_dispatch/middleware/static.rb:84:in `call'
  rack (1.5.2) lib/rack/sendfile.rb:112:in `call'
  railties (4.1.8) lib/rails/engine.rb:514:in `call'
  railties (4.1.8) lib/rails/application.rb:144:in `call'
  rack (1.5.2) lib/rack/lock.rb:17:in `call'
  rack (1.5.2) lib/rack/content_length.rb:14:in `call'
  rack (1.5.2) lib/rack/handler/webrick.rb:60:in `service'
  /Users/sw/.rbenv/versions/2.1.5/lib/ruby/2.1.0/webrick/httpserver.rb:138:in `service'
  /Users/sw/.rbenv/versions/2.1.5/lib/ruby/2.1.0/webrick/httpserver.rb:94:in `run'
  /Users/sw/.rbenv/versions/2.1.5/lib/ruby/2.1.0/webrick/server.rb:295:in `block in start_thread'


  Rendered /Users/sw/.rbenv/versions/2.1.5/lib/ruby/gems/2.1.0/gems/actionpack-4.1.8/lib/action_dispatch/middleware/templates/rescues/_trace.html.erb (1.1ms)
  Rendered /Users/sw/.rbenv/versions/2.1.5/lib/ruby/gems/2.1.0/gems/actionpack-4.1.8/lib/action_dispatch/middleware/templates/routes/_route.html.erb (1.4ms)
  Rendered /Users/sw/.rbenv/versions/2.1.5/lib/ruby/gems/2.1.0/gems/actionpack-4.1.8/lib/action_dispatch/middleware/templates/routes/_table.html.erb (1.1ms)
  Rendered /Users/sw/.rbenv/versions/2.1.5/lib/ruby/gems/2.1.0/gems/actionpack-4.1.8/lib/action_dispatch/middleware/templates/rescues/routing_error.html.erb within rescues/layout (20.3ms)


Started GET "/fonts/glyphicons-halflings-regular.woff" for 127.0.0.1 at 2015-02-08 10:32:31 -0800

ActionController::RoutingError (No route matches [GET] "/fonts/glyphicons-halflings-regular.woff"):
  actionpack (4.1.8) lib/action_dispatch/middleware/debug_exceptions.rb:21:in `call'
  actionpack (4.1.8) lib/action_dispatch/middleware/show_exceptions.rb:30:in `call'
  railties (4.1.8) lib/rails/rack/logger.rb:38:in `call_app'
  railties (4.1.8) lib/rails/rack/logger.rb:20:in `block in call'
  activesupport (4.1.8) lib/active_support/tagged_logging.rb:68:in `block in tagged'
  activesupport (4.1.8) lib/active_support/tagged_logging.rb:26:in `tagged'
  activesupport (4.1.8) lib/active_support/tagged_logging.rb:68:in `tagged'
  railties (4.1.8) lib/rails/rack/logger.rb:20:in `call'
  actionpack (4.1.8) lib/action_dispatch/middleware/request_id.rb:21:in `call'
  rack (1.5.2) lib/rack/methodoverride.rb:21:in `call'
  rack (1.5.2) lib/rack/runtime.rb:17:in `call'
  activesupport (4.1.8) lib/active_support/cache/strategy/local_cache_middleware.rb:26:in `call'
  rack (1.5.2) lib/rack/lock.rb:17:in `call'
  actionpack (4.1.8) lib/action_dispatch/middleware/static.rb:84:in `call'
  rack (1.5.2) lib/rack/sendfile.rb:112:in `call'
  railties (4.1.8) lib/rails/engine.rb:514:in `call'
  railties (4.1.8) lib/rails/application.rb:144:in `call'
  rack (1.5.2) lib/rack/lock.rb:17:in `call'
  rack (1.5.2) lib/rack/content_length.rb:14:in `call'
  rack (1.5.2) lib/rack/handler/webrick.rb:60:in `service'
  /Users/sw/.rbenv/versions/2.1.5/lib/ruby/2.1.0/webrick/httpserver.rb:138:in `service'
  /Users/sw/.rbenv/versions/2.1.5/lib/ruby/2.1.0/webrick/httpserver.rb:94:in `run'
  /Users/sw/.rbenv/versions/2.1.5/lib/ruby/2.1.0/webrick/server.rb:295:in `block in start_thread'


  Rendered /Users/sw/.rbenv/versions/2.1.5/lib/ruby/gems/2.1.0/gems/actionpack-4.1.8/lib/action_dispatch/middleware/templates/rescues/_trace.html.erb (1.0ms)
  Rendered /Users/sw/.rbenv/versions/2.1.5/lib/ruby/gems/2.1.0/gems/actionpack-4.1.8/lib/action_dispatch/middleware/templates/routes/_route.html.erb (0.9ms)
  Rendered /Users/sw/.rbenv/versions/2.1.5/lib/ruby/gems/2.1.0/gems/actionpack-4.1.8/lib/action_dispatch/middleware/templates/routes/_table.html.erb (1.1ms)
  Rendered /Users/sw/.rbenv/versions/2.1.5/lib/ruby/gems/2.1.0/gems/actionpack-4.1.8/lib/action_dispatch/middleware/templates/rescues/routing_error.html.erb within rescues/layout (18.6ms)


Started GET "/fonts/glyphicons-halflings-regular.ttf" for 127.0.0.1 at 2015-02-08 10:32:31 -0800

ActionController::RoutingError (No route matches [GET] "/fonts/glyphicons-halflings-regular.ttf"):
  actionpack (4.1.8) lib/action_dispatch/middleware/debug_exceptions.rb:21:in `call'
  actionpack (4.1.8) lib/action_dispatch/middleware/show_exceptions.rb:30:in `call'
  railties (4.1.8) lib/rails/rack/logger.rb:38:in `call_app'
  railties (4.1.8) lib/rails/rack/logger.rb:20:in `block in call'
  activesupport (4.1.8) lib/active_support/tagged_logging.rb:68:in `block in tagged'
  activesupport (4.1.8) lib/active_support/tagged_logging.rb:26:in `tagged'
  activesupport (4.1.8) lib/active_support/tagged_logging.rb:68:in `tagged'
  railties (4.1.8) lib/rails/rack/logger.rb:20:in `call'
  actionpack (4.1.8) lib/action_dispatch/middleware/request_id.rb:21:in `call'
  rack (1.5.2) lib/rack/methodoverride.rb:21:in `call'
  rack (1.5.2) lib/rack/runtime.rb:17:in `call'
  activesupport (4.1.8) lib/active_support/cache/strategy/local_cache_middleware.rb:26:in `call'
  rack (1.5.2) lib/rack/lock.rb:17:in `call'
  actionpack (4.1.8) lib/action_dispatch/middleware/static.rb:84:in `call'
  rack (1.5.2) lib/rack/sendfile.rb:112:in `call'
  railties (4.1.8) lib/rails/engine.rb:514:in `call'
  railties (4.1.8) lib/rails/application.rb:144:in `call'
  rack (1.5.2) lib/rack/lock.rb:17:in `call'
  rack (1.5.2) lib/rack/content_length.rb:14:in `call'
  rack (1.5.2) lib/rack/handler/webrick.rb:60:in `service'
  /Users/sw/.rbenv/versions/2.1.5/lib/ruby/2.1.0/webrick/httpserver.rb:138:in `service'
  /Users/sw/.rbenv/versions/2.1.5/lib/ruby/2.1.0/webrick/httpserver.rb:94:in `run'
  /Users/sw/.rbenv/versions/2.1.5/lib/ruby/2.1.0/webrick/server.rb:295:in `block in start_thread'


  Rendered /Users/sw/.rbenv/versions/2.1.5/lib/ruby/gems/2.1.0/gems/actionpack-4.1.8/lib/action_dispatch/middleware/templates/rescues/_trace.html.erb (1.6ms)
  Rendered /Users/sw/.rbenv/versions/2.1.5/lib/ruby/gems/2.1.0/gems/actionpack-4.1.8/lib/action_dispatch/middleware/templates/routes/_route.html.erb (2.0ms)
  Rendered /Users/sw/.rbenv/versions/2.1.5/lib/ruby/gems/2.1.0/gems/actionpack-4.1.8/lib/action_dispatch/middleware/templates/routes/_table.html.erb (1.3ms)
  Rendered /Users/sw/.rbenv/versions/2.1.5/lib/ruby/gems/2.1.0/gems/actionpack-4.1.8/lib/action_dispatch/middleware/templates/rescues/routing_error.html.erb within rescues/layout (23.1ms)


Started GET "/assets/map-pin-sm.png" for 127.0.0.1 at 2015-02-08 10:32:32 -0800
